URL	CANONICALTagsStatus	ResponseURL	CanonicalURLCheckFromPageSouce	CanonicalURLsStatus	AlternateStatus	AlternateURL	AlternateURLStatus
http://staging1.villaplus.com/villas/villas-with-wifi	FOUND	https://www.villaplus.com/villas/villas-with-wifi	http://staging1.villaplus.com/villas/villas-with-wifi	FAIL	FOUND	http://m.villaplus.com/villas/villas-with-wifi	FAIL
http://staging1.villaplus.com/atol-protected-abta-members	FOUND	https://www.villaplus.com/atol-protected-abta-members	http://staging1.villaplus.com/atol-protected-abta-members	FAIL	FOUND	http://m.villaplus.com/atol-protected-abta-members	FAIL
http://staging1.villaplus.com/destinations	FOUND	https://www.villaplus.com/destinations	http://staging1.villaplus.com/destinations	FAIL	FOUND	http://m.villaplus.com/destinations	FAIL
http://staging1.villaplus.com/villas/large-villas-to-rent	FOUND	https://www.villaplus.com/villas/large-villas-to-rent	http://staging1.villaplus.com/villas/large-villas-to-rent	FAIL	FOUND	http://m.villaplus.com/villas/large-villas-to-rent	FAIL
http://staging1.villaplus.com/villas/villas-with-wifi	FOUND	https://www.villaplus.com/villas/villas-with-wifi	http://staging1.villaplus.com/villas/villas-with-wifi	FAIL	FOUND	http://m.villaplus.com/villas/villas-with-wifi	FAIL
http://staging1.villaplus.com/villas/beach-villas	FOUND	https://www.villaplus.com/villas/beach-villas	http://staging1.villaplus.com/villas/beach-villas	FAIL	FOUND	http://m.villaplus.com/villas/beach-villas	FAIL
http://staging1.villaplus.com/villas/villas-with-gated-pools	FOUND	https://www.villaplus.com/villas/villas-with-gated-pools	http://staging1.villaplus.com/villas/villas-with-gated-pools	FAIL	FOUND	http://m.villaplus.com/villas/villas-with-gated-pools	FAIL
http://staging1.villaplus.com/	FOUND	https://www.villaplus.com	http://staging1.villaplus.com/	FAIL	FOUND	http://m.villaplus.com/	FAIL
http://staging1.villaplus.com/villas/villas-with-heated-pools	FOUND	https://www.villaplus.com/villas/villas-with-heated-pools	http://staging1.villaplus.com/villas/villas-with-heated-pools	FAIL	FOUND	http://m.villaplus.com/villas/villas-with-heated-pools	FAIL
http://staging1.villaplus.com/villas/very-villa-plus	FOUND	https://www.villaplus.com/villas/very-villa-plus	http://staging1.villaplus.com/villas/very-villa-plus	FAIL	FOUND	http://m.villaplus.com/villas/very-villa-plus	FAIL
http://staging1.villaplus.com/villas/villas-with-air-conditioning	FOUND	https://www.villaplus.com/villas/villas-with-air-conditioning	http://staging1.villaplus.com/villas/villas-with-air-conditioning	FAIL	FOUND	http://m.villaplus.com/villas/villas-with-air-conditioning	FAIL
http://staging1.villaplus.com/why-book-with-us	FOUND	https://www.villaplus.com/why-book-with-us	http://staging1.villaplus.com/why-book-with-us	FAIL	FOUND	http://m.villaplus.com/why-book-with-us	FAIL
http://staging1.villaplus.com/about-us	FOUND	https://www.villaplus.com/why-book-with-us	http://staging1.villaplus.com/why-book-with-us	FAIL	FOUND	http://m.villaplus.com/why-book-with-us	FAIL
http://staging1.villaplus.com/booking-conditions	FOUND	https://www.villaplus.com/booking-conditions	http://staging1.villaplus.com/booking-conditions	FAIL	FOUND	http://m.villaplus.com/booking-conditions	FAIL
http://staging1.villaplus.com/request-a-brochure	FOUND	https://www.villaplus.com/request-a-brochure	http://staging1.villaplus.com/request-a-brochure	FAIL	NOT FOUND		FAIL
http://staging1.villaplus.com/contact-us	FOUND	https://www.villaplus.com/contact-us	http://staging1.villaplus.com/contact-us	FAIL	FOUND	http://m.villaplus.com/contact-us	FAIL
http://staging1.villaplus.com/villa-holidays-2017	FOUND	https://www.villaplus.com/villa-holidays-2017	http://staging1.villaplus.com/villa-holidays-2017	FAIL	FOUND	http://m.villaplus.com/villa-holidays-2017	FAIL
http://staging1.villaplus.com/october-villa-holidays-2017	FOUND	https://www.villaplus.com/october-villa-holidays-2017	http://staging1.villaplus.com/october-villa-holidays-2017	FAIL	FOUND	http://m.villaplus.com/october-villa-holidays-2017	FAIL
http://staging1.villaplus.com/price-match	FOUND	https://www.villaplus.com/price-match	http://staging1.villaplus.com/price-match	FAIL	FOUND	http://m.villaplus.com/price-match	FAIL
http://staging1.villaplus.com/low-deposit-villa-holidays	FOUND	https://www.villaplus.com/low-deposit-villa-holidays	http://staging1.villaplus.com/low-deposit-villa-holidays	FAIL	NOT FOUND		FAIL
http://staging1.villaplus.com/destinations/villas-in-portugal/algarve	FOUND	https://www.villaplus.com/destinations/villas-in-portugal/algarve	http://staging1.villaplus.com/destinations/villas-in-portugal/algarve	FAIL	FOUND	http://m.villaplus.com/destinations/villas-in-portugal/algarve	FAIL
http://staging1.villaplus.com/destinations/villas-in-spain/villas-in-balearic-islands/majorca	FOUND	https://www.villaplus.com/destinations/villas-in-spain/villas-in-balearic-islands/majorca	http://staging1.villaplus.com/destinations/villas-in-spain/villas-in-balearic-islands/majorca	FAIL	FOUND	http://m.villaplus.com/destinations/villas-in-spain/villas-in-balearic-islands/majorca	FAIL
http://staging1.villaplus.com/destinations/villas-in-spain/villas-in-balearic-islands/menorca	FOUND	https://www.villaplus.com/destinations/villas-in-spain/villas-in-balearic-islands/menorca	http://staging1.villaplus.com/destinations/villas-in-spain/villas-in-balearic-islands/menorca	FAIL	FOUND	http://m.villaplus.com/destinations/villas-in-spain/villas-in-balearic-islands/menorca	FAIL
http://staging1.villaplus.com/destinations/villas-in-spain/villas-in-canary-islands/lanzarote	FOUND	https://www.villaplus.com/destinations/villas-in-spain/villas-in-canary-islands/lanzarote	http://staging1.villaplus.com/destinations/villas-in-spain/villas-in-canary-islands/lanzarote	FAIL	FOUND	http://m.villaplus.com/destinations/villas-in-spain/villas-in-canary-islands/lanzarote	FAIL
http://staging1.villaplus.com/destinations/villas-in-spain/villas-in-canary-islands/fuerteventura	FOUND	https://www.villaplus.com/destinations/villas-in-spain/villas-in-canary-islands/fuerteventura	http://staging1.villaplus.com/destinations/villas-in-spain/villas-in-canary-islands/fuerteventura	FAIL	FOUND	http://m.villaplus.com/destinations/villas-in-spain/villas-in-canary-islands/fuerteventura	FAIL
http://staging1.villaplus.com/destinations/villas-in-spain/villas-in-canary-islands/tenerife	FOUND	https://www.villaplus.com/destinations/villas-in-spain/villas-in-canary-islands/tenerife	http://staging1.villaplus.com/destinations/villas-in-spain/villas-in-canary-islands/tenerife	FAIL	FOUND	http://m.villaplus.com/destinations/villas-in-spain/villas-in-canary-islands/tenerife	FAIL
http://staging1.villaplus.com/destinations/villas-in-spain/villas-in-mainland-spain/costa-del-sol	FOUND	https://www.villaplus.com/destinations/villas-in-spain/villas-in-mainland-spain/costa-del-sol	http://staging1.villaplus.com/destinations/villas-in-spain/villas-in-mainland-spain/costa-del-sol	FAIL	FOUND	http://m.villaplus.com/destinations/villas-in-spain/villas-in-mainland-spain/costa-del-sol	FAIL
http://staging1.villaplus.com/destinations/villas-in-spain/villas-in-mainland-spain/costa-blanca	FOUND	https://www.villaplus.com/destinations/villas-in-spain/villas-in-mainland-spain/costa-blanca	http://staging1.villaplus.com/destinations/villas-in-spain/villas-in-mainland-spain/costa-blanca	FAIL	FOUND	http://m.villaplus.com/destinations/villas-in-spain/villas-in-mainland-spain/costa-blanca	FAIL
http://staging1.villaplus.com/destinations/villas-in-greek-islands/corfu	FOUND	https://www.villaplus.com/destinations/villas-in-greek-islands/corfu	http://staging1.villaplus.com/destinations/villas-in-greek-islands/corfu	FAIL	FOUND	http://m.villaplus.com/destinations/villas-in-greek-islands/corfu	FAIL
http://staging1.villaplus.com/destinations/villas-in-greek-islands/kefalonia	FOUND	https://www.villaplus.com/destinations/villas-in-greek-islands/kefalonia	http://staging1.villaplus.com/destinations/villas-in-greek-islands/kefalonia	FAIL	FOUND	http://m.villaplus.com/destinations/villas-in-greek-islands/kefalonia	FAIL
http://staging1.villaplus.com/destinations/villas-in-greek-islands/crete	FOUND	https://www.villaplus.com/destinations/villas-in-greek-islands/crete	http://staging1.villaplus.com/destinations/villas-in-greek-islands/crete	FAIL	FOUND	http://m.villaplus.com/destinations/villas-in-greek-islands/crete	FAIL
http://staging1.villaplus.com/destinations/villas-in-greek-islands/rhodes	FOUND	https://www.villaplus.com/destinations/villas-in-greek-islands/rhodes	http://staging1.villaplus.com/destinations/villas-in-greek-islands/rhodes	FAIL	FOUND	http://m.villaplus.com/destinations/villas-in-greek-islands/rhodes	FAIL
http://staging1.villaplus.com/destinations/cyprus	FOUND	https://www.villaplus.com/destinations/cyprus	http://staging1.villaplus.com/destinations/cyprus	FAIL	FOUND	http://m.villaplus.com/destinations/cyprus	FAIL
http://staging1.villaplus.com/owners	FOUND	https://www.villaplus.com/owners	http://staging1.villaplus.com/owners	FAIL	NOT FOUND		FAIL
http://staging1.villaplus.com/vp-holiday-games-guide	FOUND	https://www.villaplus.com/vp-holiday-games-guide	http://staging1.villaplus.com/vp-holiday-games-guide	FAIL	NOT FOUND		FAIL
http://staging1.villaplus.com/sitemap	FOUND	https://www.villaplus.com/sitemap	http://staging1.villaplus.com/sitemap	FAIL	NOT FOUND		FAIL
http://staging1.villaplus.com/privacy	FOUND	https://www.villaplus.com/privacy	http://staging1.villaplus.com/privacy	FAIL	NOT FOUND		FAIL
http://staging1.villaplus.com/eco-policy	FOUND	https://www.villaplus.com/eco-policy	http://staging1.villaplus.com/eco-policy	FAIL	NOT FOUND		FAIL
http://staging1.villaplus.com/cookie-policy	FOUND	https://www.villaplus.com/cookie-policy	http://staging1.villaplus.com/cookie-policy	FAIL	NOT FOUND		FAIL
http://staging1.villaplus.com/cheap-villa-holidays-with-flights	404	Not Found	FAIL
http://staging1.villaplus.com/cheap-villa-holidays	FOUND	https://www.villaplus.com/cheap-villa-holidays	http://staging1.villaplus.com/cheap-villa-holidays	FAIL	NOT FOUND		FAIL
http://staging1.villaplus.com/	FOUND	https://www.villaplus.com	http://staging1.villaplus.com/	FAIL	FOUND	http://m.villaplus.com/	FAIL
http://staging1.villaplus.com/	FOUND	https://www.villaplus.com	http://staging1.villaplus.com/	FAIL	FOUND	http://m.villaplus.com/	FAIL
http://staging1.villaplus.com/	FOUND	https://www.villaplus.com	http://staging1.villaplus.com/	FAIL	FOUND	http://m.villaplus.com/	FAIL
http://staging1.villaplus.com/	FOUND	https://www.villaplus.com	http://staging1.villaplus.com/	FAIL	FOUND	http://m.villaplus.com/	FAIL
http://staging1.villaplus.com/last-minute-villas	FOUND	https://www.villaplus.com/last-minute-villas	http://staging1.villaplus.com/last-minute-villas	FAIL	FOUND	http://m.villaplus.com/last-minute-villas	FAIL
http://staging1.villaplus.com/villa-holidays-2017	FOUND	https://www.villaplus.com/villa-holidays-2017	http://staging1.villaplus.com/villa-holidays-2017	FAIL	FOUND	http://m.villaplus.com/villa-holidays-2017	FAIL
http://staging1.villaplus.com/winter-sun-holidays	FOUND	https://www.villaplus.com/winter-sun-holidays	http://staging1.villaplus.com/winter-sun-holidays	FAIL	FOUND	http://m.villaplus.com/winter-sun-holidays	FAIL
http://staging1.villaplus.com/whitsun-villas	FOUND	https://www.villaplus.com/whitsun-villas	http://staging1.villaplus.com/whitsun-villas	FAIL	FOUND	http://m.villaplus.com/whitsun-villas	FAIL
http://staging1.villaplus.com/summer-villas	FOUND	https://www.villaplus.com/summer-villas	http://staging1.villaplus.com/summer-villas	FAIL	FOUND	http://m.villaplus.com/summer-villas	FAIL
http://staging1.villaplus.com/early-summer-villas	FOUND	https://www.villaplus.com/early-summer-villas	http://staging1.villaplus.com/early-summer-villas	FAIL	FOUND	http://m.villaplus.com/early-summer-villas	FAIL
http://staging1.villaplus.com/	FOUND	https://www.villaplus.com	http://staging1.villaplus.com/	FAIL	FOUND	http://m.villaplus.com/	FAIL
http://staging1.villaplus.com/	FOUND	https://www.villaplus.com	http://staging1.villaplus.com/	FAIL	FOUND	http://m.villaplus.com/	FAIL
http://staging1.villaplus.com/easter-villa-holidays	FOUND	https://www.villaplus.com/easter-villa-holidays	http://staging1.villaplus.com/easter-villa-holidays	FAIL	FOUND	http://m.villaplus.com/easter-villa-holidays	FAIL
http://staging1.villaplus.com/september-villa-holidays-2017	FOUND	https://www.villaplus.com/september-villa-holidays-2017	http://staging1.villaplus.com/september-villa-holidays-2017	FAIL	FOUND	http://m.villaplus.com/september-villa-holidays-2017	FAIL
http://staging1.villaplus.com/owners/meet-the-team	FOUND	https://www.villaplus.com/owners/meet-the-team	http://staging1.villaplus.com/owners/meet-the-team	FAIL	NOT FOUND		FAIL
http://staging1.villaplus.com/owners/rent-my-villa	FOUND	https://www.villaplus.com/owners/rent-my-villa	http://staging1.villaplus.com/owners/rent-my-villa	FAIL	NOT FOUND		FAIL
http://staging1.villaplus.com/owners/what-happens-next	FOUND	https://www.villaplus.com/owners/what-happens-next	http://staging1.villaplus.com/owners/what-happens-next	FAIL	NOT FOUND		FAIL
http://staging1.villaplus.com/owners/health-and-safety	FOUND	https://www.villaplus.com/owners/health-and-safety	http://staging1.villaplus.com/owners/health-and-safety	FAIL	NOT FOUND		FAIL
http://staging1.villaplus.com/feedback	FOUND	https://www.villaplus.com/feedback	http://staging1.villaplus.com/feedback	FAIL	NOT FOUND		FAIL
http://staging1.villaplus.com/destinations/villas-in-portugal/algarve	FOUND	https://www.villaplus.com/destinations/villas-in-portugal/algarve	http://staging1.villaplus.com/destinations/villas-in-portugal/algarve	FAIL	FOUND	http://m.villaplus.com/destinations/villas-in-portugal/algarve	FAIL
http://staging1.villaplus.com/algarve/shopping	FOUND	https://www.villaplus.com/algarve/shopping	http://staging1.villaplus.com/algarve/shopping	FAIL	NOT FOUND		FAIL
http://staging1.villaplus.com/cyprus/places-of-interest	FOUND	https://www.villaplus.com/cyprus/places-of-interest	http://staging1.villaplus.com/cyprus/places-of-interest	FAIL	NOT FOUND		FAIL
http://staging1.villaplus.com/cyprus/shopping	FOUND	https://www.villaplus.com/cyprus/shopping	http://staging1.villaplus.com/cyprus/shopping	FAIL	NOT FOUND		FAIL
http://staging1.villaplus.com/destinations/cyprus/car-hire	FOUND	https://www.villaplus.com/destinations/cyprus/car-hire	http://staging1.villaplus.com/destinations/cyprus/car-hire	FAIL	FOUND	http://m.villaplus.com/destinations/cyprus/car-hire	FAIL
http://staging1.villaplus.com/destinations/cyprus	FOUND	https://www.villaplus.com/destinations/cyprus	http://staging1.villaplus.com/destinations/cyprus	FAIL	FOUND	http://m.villaplus.com/destinations/cyprus	FAIL
http://staging1.villaplus.com/destinations/cyprus/sports	FOUND	https://www.villaplus.com/destinations/cyprus/sports	http://staging1.villaplus.com/destinations/cyprus/sports	FAIL	NOT FOUND		FAIL
http://staging1.villaplus.com/destinations/cyprus/restaurants	FOUND	https://www.villaplus.com/destinations/cyprus/restaurants	http://staging1.villaplus.com/destinations/cyprus/restaurants	FAIL	NOT FOUND		FAIL
http://staging1.villaplus.com/destinations/villas-in-portugal/algarve#beaches	FOUND	https://www.villaplus.com/destinations/villas-in-portugal/algarve	http://staging1.villaplus.com/destinations/villas-in-portugal/algarve#beaches	FAIL	FOUND	http://m.villaplus.com/destinations/villas-in-portugal/algarve#beaches	FAIL
http://staging1.villaplus.com/health-and-safety	FOUND	https://www.villaplus.com/health-and-safety	http://staging1.villaplus.com/health-and-safety	FAIL	FOUND	http://m.villaplus.com/health-and-safety	FAIL
http://staging1.villaplus.com/useful-information	FOUND	https://www.villaplus.com/useful-information	http://staging1.villaplus.com/useful-information	FAIL	FOUND	http://m.villaplus.com/useful-information	FAIL
http://staging1.villaplus.com/website-terms-of-use	FOUND	https://www.villaplus.com/website-terms-of-use	http://staging1.villaplus.com/website-terms-of-use	FAIL	FOUND	http://m.villaplus.com/website-terms-of-use	FAIL
http://staging1.villaplus.com/menorca/places-of-interest	FOUND	https://www.villaplus.com/menorca/places-of-interest	http://staging1.villaplus.com/menorca/places-of-interest	FAIL	NOT FOUND		FAIL
http://staging1.villaplus.com/travel-insurance	FOUND	https://www.villaplus.com/travel-insurance	http://staging1.villaplus.com/travel-insurance	FAIL	NOT FOUND		FAIL
http://staging1.villaplus.com/	FOUND	https://www.villaplus.com	http://staging1.villaplus.com/	FAIL	FOUND	http://m.villaplus.com/	FAIL
http://staging1.villaplus.com/destinations/villas-in-portugal/algarve/private-transfers	FOUND	https://www.villaplus.com/destinations/villas-in-portugal/algarve/private-transfers	http://staging1.villaplus.com/destinations/villas-in-portugal/algarve/private-transfers	FAIL	FOUND	http://m.villaplus.com/destinations/villas-in-portugal/algarve/private-transfers	FAIL
http://staging1.villaplus.com/destinations/villas-in-spain/villas-in-mainland-spain/costa-del-sol	FOUND	https://www.villaplus.com/destinations/villas-in-spain/villas-in-mainland-spain/costa-del-sol	http://staging1.villaplus.com/destinations/villas-in-spain/villas-in-mainland-spain/costa-del-sol	FAIL	FOUND	http://m.villaplus.com/destinations/villas-in-spain/villas-in-mainland-spain/costa-del-sol	FAIL
http://staging1.villaplus.com/rhodes/places-of-interest	FOUND	https://www.villaplus.com/rhodes/places-of-interest	http://staging1.villaplus.com/rhodes/places-of-interest	FAIL	NOT FOUND		FAIL
http://staging1.villaplus.com/majorca/places-of-interest	FOUND	https://www.villaplus.com/majorca/places-of-interest	http://staging1.villaplus.com/majorca/places-of-interest	FAIL	NOT FOUND		FAIL
http://staging1.villaplus.com/destinations/villas-in-greek-islands/corfu	FOUND	https://www.villaplus.com/destinations/villas-in-greek-islands/corfu	http://staging1.villaplus.com/destinations/villas-in-greek-islands/corfu	FAIL	FOUND	http://m.villaplus.com/destinations/villas-in-greek-islands/corfu	FAIL
http://staging1.villaplus.com/destinations/villas-in-spain/villas-in-balearic-islands/majorca	FOUND	https://www.villaplus.com/destinations/villas-in-spain/villas-in-balearic-islands/majorca	http://staging1.villaplus.com/destinations/villas-in-spain/villas-in-balearic-islands/majorca	FAIL	FOUND	http://m.villaplus.com/destinations/villas-in-spain/villas-in-balearic-islands/majorca	FAIL
http://staging1.villaplus.com/destinations/villas-in-spain/villas-in-balearic-islands/menorca	FOUND	https://www.villaplus.com/destinations/villas-in-spain/villas-in-balearic-islands/menorca	http://staging1.villaplus.com/destinations/villas-in-spain/villas-in-balearic-islands/menorca	FAIL	FOUND	http://m.villaplus.com/destinations/villas-in-spain/villas-in-balearic-islands/menorca	FAIL
http://staging1.villaplus.com/destinations/villas-in-spain/villas-in-canary-islands/lanzarote	FOUND	https://www.villaplus.com/destinations/villas-in-spain/villas-in-canary-islands/lanzarote	http://staging1.villaplus.com/destinations/villas-in-spain/villas-in-canary-islands/lanzarote	FAIL	FOUND	http://m.villaplus.com/destinations/villas-in-spain/villas-in-canary-islands/lanzarote	FAIL
http://staging1.villaplus.com/destinations/villas-in-spain/villas-in-canary-islands/fuerteventura	FOUND	https://www.villaplus.com/destinations/villas-in-spain/villas-in-canary-islands/fuerteventura	http://staging1.villaplus.com/destinations/villas-in-spain/villas-in-canary-islands/fuerteventura	FAIL	FOUND	http://m.villaplus.com/destinations/villas-in-spain/villas-in-canary-islands/fuerteventura	FAIL
http://staging1.villaplus.com/destinations/villas-in-spain/villas-in-canary-islands/tenerife	FOUND	https://www.villaplus.com/destinations/villas-in-spain/villas-in-canary-islands/tenerife	http://staging1.villaplus.com/destinations/villas-in-spain/villas-in-canary-islands/tenerife	FAIL	FOUND	http://m.villaplus.com/destinations/villas-in-spain/villas-in-canary-islands/tenerife	FAIL
http://staging1.villaplus.com/destinations/villas-in-spain/villas-in-mainland-spain/costa-del-sol	FOUND	https://www.villaplus.com/destinations/villas-in-spain/villas-in-mainland-spain/costa-del-sol	http://staging1.villaplus.com/destinations/villas-in-spain/villas-in-mainland-spain/costa-del-sol	FAIL	FOUND	http://m.villaplus.com/destinations/villas-in-spain/villas-in-mainland-spain/costa-del-sol	FAIL
http://staging1.villaplus.com/destinations/villas-in-spain/villas-in-mainland-spain/costa-blanca	FOUND	https://www.villaplus.com/destinations/villas-in-spain/villas-in-mainland-spain/costa-blanca	http://staging1.villaplus.com/destinations/villas-in-spain/villas-in-mainland-spain/costa-blanca	FAIL	FOUND	http://m.villaplus.com/destinations/villas-in-spain/villas-in-mainland-spain/costa-blanca	FAIL
http://staging1.villaplus.com/destinations/villas-in-greek-islands/corfu	FOUND	https://www.villaplus.com/destinations/villas-in-greek-islands/corfu	http://staging1.villaplus.com/destinations/villas-in-greek-islands/corfu	FAIL	FOUND	http://m.villaplus.com/destinations/villas-in-greek-islands/corfu	FAIL
http://staging1.villaplus.com/destinations/villas-in-greek-islands/kefalonia	FOUND	https://www.villaplus.com/destinations/villas-in-greek-islands/kefalonia	http://staging1.villaplus.com/destinations/villas-in-greek-islands/kefalonia	FAIL	FOUND	http://m.villaplus.com/destinations/villas-in-greek-islands/kefalonia	FAIL
http://staging1.villaplus.com/destinations/villas-in-greek-islands/crete	FOUND	https://www.villaplus.com/destinations/villas-in-greek-islands/crete	http://staging1.villaplus.com/destinations/villas-in-greek-islands/crete	FAIL	FOUND	http://m.villaplus.com/destinations/villas-in-greek-islands/crete	FAIL
http://staging1.villaplus.com/destinations/villas-in-greek-islands/rhodes	FOUND	https://www.villaplus.com/destinations/villas-in-greek-islands/rhodes	http://staging1.villaplus.com/destinations/villas-in-greek-islands/rhodes	FAIL	FOUND	http://m.villaplus.com/destinations/villas-in-greek-islands/rhodes	FAIL
http://staging1.villaplus.com/destinations/cyprus	FOUND	https://www.villaplus.com/destinations/cyprus	http://staging1.villaplus.com/destinations/cyprus	FAIL	FOUND	http://m.villaplus.com/destinations/cyprus	FAIL
http://staging1.villaplus.com/destinations/villas-in-spain/villas-in-balearic-islands/menorca	FOUND	https://www.villaplus.com/destinations/villas-in-spain/villas-in-balearic-islands/menorca	http://staging1.villaplus.com/destinations/villas-in-spain/villas-in-balearic-islands/menorca	FAIL	FOUND	http://m.villaplus.com/destinations/villas-in-spain/villas-in-balearic-islands/menorca	FAIL
http://staging1.villaplus.com/menorca/shopping	FOUND	https://www.villaplus.com/menorca/shopping	http://staging1.villaplus.com/menorca/shopping	FAIL	NOT FOUND		FAIL
http://staging1.villaplus.com/destinations/villas-in-spain/villas-in-balearic-islands/menorca/restaurants	FOUND	https://www.villaplus.com/destinations/villas-in-spain/villas-in-balearic-islands/menorca/restaurants	http://staging1.villaplus.com/destinations/villas-in-spain/villas-in-balearic-islands/menorca/restaurants	FAIL	NOT FOUND		FAIL
http://staging1.villaplus.com/destinations/villas-in-spain/villas-in-balearic-islands/menorca/sports	FOUND	https://www.villaplus.com/destinations/villas-in-spain/villas-in-balearic-islands/menorca/sports	http://staging1.villaplus.com/destinations/villas-in-spain/villas-in-balearic-islands/menorca/sports	FAIL	NOT FOUND		FAIL
http://staging1.villaplus.com/destinations/villas-in-spain/villas-in-balearic-islands/menorca/golf	FOUND	https://www.villaplus.com/destinations/villas-in-spain/villas-in-balearic-islands/menorca/golf	http://staging1.villaplus.com/destinations/villas-in-spain/villas-in-balearic-islands/menorca/golf	FAIL	NOT FOUND		FAIL
http://staging1.villaplus.com/destinations/cyprus#resorts	FOUND	https://www.villaplus.com/destinations/cyprus	http://staging1.villaplus.com/destinations/cyprus#resorts	FAIL	FOUND	http://m.villaplus.com/destinations/cyprus#resorts	FAIL
http://staging1.villaplus.com/destinations/cyprus/private-transfers	FOUND	https://www.villaplus.com/destinations/cyprus/private-transfers	http://staging1.villaplus.com/destinations/cyprus/private-transfers	FAIL	FOUND	http://m.villaplus.com/destinations/cyprus/private-transfers	FAIL
http://staging1.villaplus.com/cyprus/flights	FOUND	https://www.villaplus.com	http://staging1.villaplus.com/	FAIL	FOUND	http://m.villaplus.com/	FAIL
http://staging1.villaplus.com/destinations/villas-in-spain/villas-in-balearic-islands/majorca	FOUND	https://www.villaplus.com/destinations/villas-in-spain/villas-in-balearic-islands/majorca	http://staging1.villaplus.com/destinations/villas-in-spain/villas-in-balearic-islands/majorca	FAIL	FOUND	http://m.villaplus.com/destinations/villas-in-spain/villas-in-balearic-islands/majorca	FAIL
http://staging1.villaplus.com/destinations/villas-in-spain/villas-in-balearic-islands/majorca/car-hire	FOUND	https://www.villaplus.com/destinations/villas-in-spain/villas-in-balearic-islands/majorca/car-hire	http://staging1.villaplus.com/destinations/villas-in-spain/villas-in-balearic-islands/majorca/car-hire	FAIL	FOUND	http://m.villaplus.com/destinations/villas-in-spain/villas-in-balearic-islands/majorca/car-hire	FAIL
http://staging1.villaplus.com/	FOUND	https://www.villaplus.com	http://staging1.villaplus.com/	FAIL	FOUND	http://m.villaplus.com/	FAIL
http://staging1.villaplus.com/destinations/villas-in-spain/villas-in-canary-islands/fuerteventura	FOUND	https://www.villaplus.com/destinations/villas-in-spain/villas-in-canary-islands/fuerteventura	http://staging1.villaplus.com/destinations/villas-in-spain/villas-in-canary-islands/fuerteventura	FAIL	FOUND	http://m.villaplus.com/destinations/villas-in-spain/villas-in-canary-islands/fuerteventura	FAIL
http://staging1.villaplus.com/destinations/villas-in-spain/villas-in-canary-islands/fuerteventura/private-transfers	FOUND	https://www.villaplus.com/destinations/villas-in-spain/villas-in-canary-islands/fuerteventura/private-transfers	http://staging1.villaplus.com/destinations/villas-in-spain/villas-in-canary-islands/fuerteventura/private-transfers	FAIL	FOUND	http://m.villaplus.com/destinations/villas-in-spain/villas-in-canary-islands/fuerteventura/private-transfers	FAIL
http://staging1.villaplus.com/fuerteventura/flights	FOUND	https://www.villaplus.com	http://staging1.villaplus.com/	FAIL	FOUND	http://m.villaplus.com/	FAIL
http://staging1.villaplus.com/destinations/villas-in-spain/villas-in-balearic-islands/majorca/private-transfers	FOUND	https://www.villaplus.com/destinations/villas-in-spain/villas-in-balearic-islands/majorca/private-transfers	http://staging1.villaplus.com/destinations/villas-in-spain/villas-in-balearic-islands/majorca/private-transfers	FAIL	FOUND	http://m.villaplus.com/destinations/villas-in-spain/villas-in-balearic-islands/majorca/private-transfers	FAIL
http://staging1.villaplus.com/majorca/flights	FOUND	https://www.villaplus.com	http://staging1.villaplus.com/	FAIL	FOUND	http://m.villaplus.com/	FAIL
http://staging1.villaplus.com/corfu/places-of-interest	FOUND	https://www.villaplus.com/corfu/places-of-interest	http://staging1.villaplus.com/corfu/places-of-interest	FAIL	NOT FOUND		FAIL
http://staging1.villaplus.com/destinations/villas-in-spain/villas-in-canary-islands/lanzarote#resorts	FOUND	https://www.villaplus.com/destinations/villas-in-spain/villas-in-canary-islands/lanzarote	http://staging1.villaplus.com/destinations/villas-in-spain/villas-in-canary-islands/lanzarote#resorts	FAIL	FOUND	http://m.villaplus.com/destinations/villas-in-spain/villas-in-canary-islands/lanzarote#resorts	FAIL
http://staging1.villaplus.com/destinations/villas-in-spain/villas-in-canary-islands/lanzarote/private-transfers	FOUND	https://www.villaplus.com/destinations/villas-in-spain/villas-in-canary-islands/lanzarote/private-transfers	http://staging1.villaplus.com/destinations/villas-in-spain/villas-in-canary-islands/lanzarote/private-transfers	FAIL	FOUND	http://m.villaplus.com/destinations/villas-in-spain/villas-in-canary-islands/lanzarote/private-transfers	FAIL
http://staging1.villaplus.com/lanzarote/flights	FOUND	https://www.villaplus.com	http://staging1.villaplus.com/	FAIL	FOUND	http://m.villaplus.com/	FAIL
http://staging1.villaplus.com/destinations/villas-in-greek-islands/rhodes#beaches	FOUND	https://www.villaplus.com/destinations/villas-in-greek-islands/rhodes	http://staging1.villaplus.com/destinations/villas-in-greek-islands/rhodes#beaches	FAIL	FOUND	http://m.villaplus.com/destinations/villas-in-greek-islands/rhodes#beaches	FAIL
http://staging1.villaplus.com/costa-del-sol/shopping	FOUND	https://www.villaplus.com/costa-del-sol/shopping	http://staging1.villaplus.com/costa-del-sol/shopping	FAIL	NOT FOUND		FAIL
http://staging1.villaplus.com/algarve/places-of-interest	FOUND	https://www.villaplus.com/algarve/places-of-interest	http://staging1.villaplus.com/algarve/places-of-interest	FAIL	NOT FOUND		FAIL
http://staging1.villaplus.com/destinations/villas-in-spain/villas-in-canary-islands/lanzarote#beaches	FOUND	https://www.villaplus.com/destinations/villas-in-spain/villas-in-canary-islands/lanzarote	http://staging1.villaplus.com/destinations/villas-in-spain/villas-in-canary-islands/lanzarote#beaches	FAIL	FOUND	http://m.villaplus.com/destinations/villas-in-spain/villas-in-canary-islands/lanzarote#beaches	FAIL
http://staging1.villaplus.com/destinations/cyprus/kids	FOUND	https://www.villaplus.com/destinations/cyprus/kids	http://staging1.villaplus.com/destinations/cyprus/kids	FAIL	NOT FOUND		FAIL
http://staging1.villaplus.com/destinations/cyprus/golf	FOUND	https://www.villaplus.com/destinations/cyprus/golf	http://staging1.villaplus.com/destinations/cyprus/golf	FAIL	NOT FOUND		FAIL
http://staging1.villaplus.com/corfu/shopping	FOUND	https://www.villaplus.com/corfu/shopping	http://staging1.villaplus.com/corfu/shopping	FAIL	NOT FOUND		FAIL
http://staging1.villaplus.com/destinations/villas-in-greek-islands/corfu/sports	FOUND	https://www.villaplus.com/destinations/villas-in-greek-islands/corfu/sports	http://staging1.villaplus.com/destinations/villas-in-greek-islands/corfu/sports	FAIL	NOT FOUND		FAIL
http://staging1.villaplus.com/destinations/villas-in-greek-islands/corfu/car-hire	FOUND	https://www.villaplus.com/destinations/villas-in-greek-islands/corfu/car-hire	http://staging1.villaplus.com/destinations/villas-in-greek-islands/corfu/car-hire	FAIL	FOUND	http://m.villaplus.com/destinations/villas-in-greek-islands/corfu/car-hire	FAIL
http://staging1.villaplus.com/destinations/villas-in-spain/villas-in-balearic-islands/majorca#resorts	FOUND	https://www.villaplus.com/destinations/villas-in-spain/villas-in-balearic-islands/majorca	http://staging1.villaplus.com/destinations/villas-in-spain/villas-in-balearic-islands/majorca#resorts	FAIL	FOUND	http://m.villaplus.com/destinations/villas-in-spain/villas-in-balearic-islands/majorca#resorts	FAIL
http://staging1.villaplus.com/destinations/villas-in-portugal/algarve	FOUND	https://www.villaplus.com/destinations/villas-in-portugal/algarve	http://staging1.villaplus.com/destinations/villas-in-portugal/algarve	FAIL	FOUND	http://m.villaplus.com/destinations/villas-in-portugal/algarve	FAIL
http://staging1.villaplus.com/algarve/flights	FOUND	https://www.villaplus.com	http://staging1.villaplus.com/	FAIL	FOUND	http://m.villaplus.com/	FAIL
http://staging1.villaplus.com/destinations/villas-in-greek-islands/rhodes	FOUND	https://www.villaplus.com/destinations/villas-in-greek-islands/rhodes	http://staging1.villaplus.com/destinations/villas-in-greek-islands/rhodes	FAIL	FOUND	http://m.villaplus.com/destinations/villas-in-greek-islands/rhodes	FAIL
http://staging1.villaplus.com/destinations/villas-in-greek-islands/rhodes/private-transfers	FOUND	https://www.villaplus.com/destinations/villas-in-greek-islands/rhodes/private-transfers	http://staging1.villaplus.com/destinations/villas-in-greek-islands/rhodes/private-transfers	FAIL	FOUND	http://m.villaplus.com/destinations/villas-in-greek-islands/rhodes/private-transfers	FAIL
http://staging1.villaplus.com/rhodes/flights	FOUND	https://www.villaplus.com	http://staging1.villaplus.com/	FAIL	FOUND	http://m.villaplus.com/	FAIL
http://staging1.villaplus.com/destinations/villas-in-greek-islands/rhodes/car-hire	FOUND	https://www.villaplus.com/destinations/villas-in-greek-islands/rhodes/car-hire	http://staging1.villaplus.com/destinations/villas-in-greek-islands/rhodes/car-hire	FAIL	FOUND	http://m.villaplus.com/destinations/villas-in-greek-islands/rhodes/car-hire	FAIL
http://staging1.villaplus.com/fuerteventura/places-of-interest	FOUND	https://www.villaplus.com/fuerteventura/places-of-interest	http://staging1.villaplus.com/fuerteventura/places-of-interest	FAIL	NOT FOUND		FAIL
http://staging1.villaplus.com/destinations/villas-in-greek-islands/corfu	FOUND	https://www.villaplus.com/destinations/villas-in-greek-islands/corfu	http://staging1.villaplus.com/destinations/villas-in-greek-islands/corfu	FAIL	FOUND	http://m.villaplus.com/destinations/villas-in-greek-islands/corfu	FAIL
http://staging1.villaplus.com/destinations/villas-in-greek-islands/corfu/private-transfers	FOUND	https://www.villaplus.com/destinations/villas-in-greek-islands/corfu/private-transfers	http://staging1.villaplus.com/destinations/villas-in-greek-islands/corfu/private-transfers	FAIL	FOUND	http://m.villaplus.com/destinations/villas-in-greek-islands/corfu/private-transfers	FAIL
http://staging1.villaplus.com/corfu/flights	FOUND	https://www.villaplus.com	http://staging1.villaplus.com/	FAIL	FOUND	http://m.villaplus.com/	FAIL
http://staging1.villaplus.com/destinations/villas-in-spain/villas-in-canary-islands/fuerteventura/car-hire	FOUND	https://www.villaplus.com/destinations/villas-in-spain/villas-in-canary-islands/fuerteventura/car-hire	http://staging1.villaplus.com/destinations/villas-in-spain/villas-in-canary-islands/fuerteventura/car-hire	FAIL	FOUND	http://m.villaplus.com/destinations/villas-in-spain/villas-in-canary-islands/fuerteventura/car-hire	FAIL
http://staging1.villaplus.com/destinations/villas-in-greek-islands/crete#beaches	FOUND	https://www.villaplus.com/destinations/villas-in-greek-islands/crete	http://staging1.villaplus.com/destinations/villas-in-greek-islands/crete#beaches	FAIL	FOUND	http://m.villaplus.com/destinations/villas-in-greek-islands/crete#beaches	FAIL
http://staging1.villaplus.com/crete/places-of-interest	FOUND	https://www.villaplus.com/crete/places-of-interest	http://staging1.villaplus.com/crete/places-of-interest	FAIL	NOT FOUND		FAIL
http://staging1.villaplus.com/destinations/villas-in-portugal/algarve/car-hire	FOUND	https://www.villaplus.com/destinations/villas-in-portugal/algarve/car-hire	http://staging1.villaplus.com/destinations/villas-in-portugal/algarve/car-hire	FAIL	FOUND	http://m.villaplus.com/destinations/villas-in-portugal/algarve/car-hire	FAIL
http://staging1.villaplus.com/destinations/villas-in-spain/villas-in-balearic-islands/menorca/car-hire	FOUND	https://www.villaplus.com/destinations/villas-in-spain/villas-in-balearic-islands/menorca/car-hire	http://staging1.villaplus.com/destinations/villas-in-spain/villas-in-balearic-islands/menorca/car-hire	FAIL	FOUND	http://m.villaplus.com/destinations/villas-in-spain/villas-in-balearic-islands/menorca/car-hire	FAIL
http://staging1.villaplus.com/destinations/villas-in-spain/villas-in-canary-islands/lanzarote/car-hire	FOUND	https://www.villaplus.com/destinations/villas-in-spain/villas-in-canary-islands/lanzarote/car-hire	http://staging1.villaplus.com/destinations/villas-in-spain/villas-in-canary-islands/lanzarote/car-hire	FAIL	FOUND	http://m.villaplus.com/destinations/villas-in-spain/villas-in-canary-islands/lanzarote/car-hire	FAIL
http://staging1.villaplus.com/destinations/villas-in-spain/villas-in-canary-islands/tenerife/car-hire	FOUND	https://www.villaplus.com/destinations/villas-in-spain/villas-in-canary-islands/tenerife/car-hire	http://staging1.villaplus.com/destinations/villas-in-spain/villas-in-canary-islands/tenerife/car-hire	FAIL	FOUND	http://m.villaplus.com/destinations/villas-in-spain/villas-in-canary-islands/tenerife/car-hire	FAIL
http://staging1.villaplus.com/destinations/villas-in-spain/villas-in-mainland-spain/costa-del-sol/car-hire	FOUND	https://www.villaplus.com/destinations/villas-in-spain/villas-in-mainland-spain/costa-del-sol/car-hire	http://staging1.villaplus.com/destinations/villas-in-spain/villas-in-mainland-spain/costa-del-sol/car-hire	FAIL	FOUND	http://m.villaplus.com/destinations/villas-in-spain/villas-in-mainland-spain/costa-del-sol/car-hire	FAIL
http://staging1.villaplus.com/destinations/villas-in-spain/villas-in-mainland-spain/costa-blanca/car-hire	FOUND	https://www.villaplus.com/destinations/villas-in-spain/villas-in-mainland-spain/costa-blanca/car-hire	http://staging1.villaplus.com/destinations/villas-in-spain/villas-in-mainland-spain/costa-blanca/car-hire	FAIL	FOUND	http://m.villaplus.com/destinations/villas-in-spain/villas-in-mainland-spain/costa-blanca/car-hire	FAIL
http://staging1.villaplus.com/destinations/villas-in-greek-islands/kefalonia/car-hire	FOUND	https://www.villaplus.com/destinations/villas-in-greek-islands/kefalonia/car-hire	http://staging1.villaplus.com/destinations/villas-in-greek-islands/kefalonia/car-hire	FAIL	FOUND	http://m.villaplus.com/destinations/villas-in-greek-islands/kefalonia/car-hire	FAIL
http://staging1.villaplus.com/destinations/villas-in-greek-islands/crete/car-hire	FOUND	https://www.villaplus.com/destinations/villas-in-greek-islands/crete/car-hire	http://staging1.villaplus.com/destinations/villas-in-greek-islands/crete/car-hire	FAIL	FOUND	http://m.villaplus.com/destinations/villas-in-greek-islands/crete/car-hire	FAIL
http://staging1.villaplus.com/destinations/villas-in-spain/villas-in-canary-islands/fuerteventura#beaches	FOUND	https://www.villaplus.com/destinations/villas-in-spain/villas-in-canary-islands/fuerteventura	http://staging1.villaplus.com/destinations/villas-in-spain/villas-in-canary-islands/fuerteventura#beaches	FAIL	FOUND	http://m.villaplus.com/destinations/villas-in-spain/villas-in-canary-islands/fuerteventura#beaches	FAIL
http://staging1.villaplus.com/destinations/villas-in-spain/villas-in-mainland-spain/costa-del-sol/private-transfers	FOUND	https://www.villaplus.com/destinations/villas-in-spain/villas-in-mainland-spain/costa-del-sol/private-transfers	http://staging1.villaplus.com/destinations/villas-in-spain/villas-in-mainland-spain/costa-del-sol/private-transfers	FAIL	FOUND	http://m.villaplus.com/destinations/villas-in-spain/villas-in-mainland-spain/costa-del-sol/private-transfers	FAIL
http://staging1.villaplus.com/costa-del-sol/flights	FOUND	https://www.villaplus.com	http://staging1.villaplus.com/	FAIL	FOUND	http://m.villaplus.com/	FAIL
http://staging1.villaplus.com/destinations/villas-in-spain/villas-in-mainland-spain/costa-blanca#resorts	FOUND	https://www.villaplus.com/destinations/villas-in-spain/villas-in-mainland-spain/costa-blanca	http://staging1.villaplus.com/destinations/villas-in-spain/villas-in-mainland-spain/costa-blanca#resorts	FAIL	FOUND	http://m.villaplus.com/destinations/villas-in-spain/villas-in-mainland-spain/costa-blanca#resorts	FAIL
http://staging1.villaplus.com/destinations/villas-in-spain/villas-in-mainland-spain/costa-blanca/private-transfers	FOUND	https://www.villaplus.com/destinations/villas-in-spain/villas-in-mainland-spain/costa-blanca/private-transfers	http://staging1.villaplus.com/destinations/villas-in-spain/villas-in-mainland-spain/costa-blanca/private-transfers	FAIL	FOUND	http://m.villaplus.com/destinations/villas-in-spain/villas-in-mainland-spain/costa-blanca/private-transfers	FAIL
http://staging1.villaplus.com/costa-blanca/flights	FOUND	https://www.villaplus.com	http://staging1.villaplus.com/	FAIL	FOUND	http://m.villaplus.com/	FAIL
http://staging1.villaplus.com/costa-del-sol/places-of-interest	FOUND	https://www.villaplus.com/costa-del-sol/places-of-interest	http://staging1.villaplus.com/costa-del-sol/places-of-interest	FAIL	NOT FOUND		FAIL
http://staging1.villaplus.com/destinations/villas-in-spain/villas-in-balearic-islands/menorca/private-transfers	FOUND	https://www.villaplus.com/destinations/villas-in-spain/villas-in-balearic-islands/menorca/private-transfers	http://staging1.villaplus.com/destinations/villas-in-spain/villas-in-balearic-islands/menorca/private-transfers	FAIL	FOUND	http://m.villaplus.com/destinations/villas-in-spain/villas-in-balearic-islands/menorca/private-transfers	FAIL
http://staging1.villaplus.com/menorca/flights	FOUND	https://www.villaplus.com	http://staging1.villaplus.com/	FAIL	FOUND	http://m.villaplus.com/	FAIL
http://staging1.villaplus.com/destinations/villas-in-spain/villas-in-balearic-islands/menorca#resorts	FOUND	https://www.villaplus.com/destinations/villas-in-spain/villas-in-balearic-islands/menorca	http://staging1.villaplus.com/destinations/villas-in-spain/villas-in-balearic-islands/menorca#resorts	FAIL	FOUND	http://m.villaplus.com/destinations/villas-in-spain/villas-in-balearic-islands/menorca#resorts	FAIL
http://staging1.villaplus.com/destinations/villas-in-spain/villas-in-mainland-spain/costa-del-sol	FOUND	https://www.villaplus.com/destinations/villas-in-spain/villas-in-mainland-spain/costa-del-sol	http://staging1.villaplus.com/destinations/villas-in-spain/villas-in-mainland-spain/costa-del-sol	FAIL	FOUND	http://m.villaplus.com/destinations/villas-in-spain/villas-in-mainland-spain/costa-del-sol	FAIL
http://staging1.villaplus.com/destinations/villas-in-greek-islands/crete#resorts	FOUND	https://www.villaplus.com/destinations/villas-in-greek-islands/crete	http://staging1.villaplus.com/destinations/villas-in-greek-islands/crete#resorts	FAIL	FOUND	http://m.villaplus.com/destinations/villas-in-greek-islands/crete#resorts	FAIL
http://staging1.villaplus.com/destinations/villas-in-greek-islands/crete/private-transfers	FOUND	https://www.villaplus.com/destinations/villas-in-greek-islands/crete/private-transfers	http://staging1.villaplus.com/destinations/villas-in-greek-islands/crete/private-transfers	FAIL	FOUND	http://m.villaplus.com/destinations/villas-in-greek-islands/crete/private-transfers	FAIL
http://staging1.villaplus.com/crete/flights	FOUND	https://www.villaplus.com	http://staging1.villaplus.com/	FAIL	FOUND	http://m.villaplus.com/	FAIL
http://staging1.villaplus.com/destinations/villas-in-spain/villas-in-canary-islands/tenerife#beaches	FOUND	https://www.villaplus.com/destinations/villas-in-spain/villas-in-canary-islands/tenerife	http://staging1.villaplus.com/destinations/villas-in-spain/villas-in-canary-islands/tenerife#beaches	FAIL	FOUND	http://m.villaplus.com/destinations/villas-in-spain/villas-in-canary-islands/tenerife#beaches	FAIL
http://staging1.villaplus.com/destinations/villas-in-portugal/algarve/golf	FOUND	https://www.villaplus.com/destinations/villas-in-portugal/algarve/golf	http://staging1.villaplus.com/destinations/villas-in-portugal/algarve/golf	FAIL	NOT FOUND		FAIL
http://staging1.villaplus.com/destinations/villas-in-spain/villas-in-mainland-spain/costa-del-sol/kids	FOUND	https://www.villaplus.com/destinations/villas-in-spain/villas-in-mainland-spain/costa-del-sol/kids	http://staging1.villaplus.com/destinations/villas-in-spain/villas-in-mainland-spain/costa-del-sol/kids	FAIL	NOT FOUND		FAIL
http://staging1.villaplus.com/destinations/villas-in-portugal/algarve/restaurants	FOUND	https://www.villaplus.com/destinations/villas-in-portugal/algarve/restaurants	http://staging1.villaplus.com/destinations/villas-in-portugal/algarve/restaurants	FAIL	NOT FOUND		FAIL
http://staging1.villaplus.com/destinations/villas-in-portugal/algarve/sports	FOUND	https://www.villaplus.com/destinations/villas-in-portugal/algarve/sports	http://staging1.villaplus.com/destinations/villas-in-portugal/algarve/sports	FAIL	NOT FOUND		FAIL
http://staging1.villaplus.com/destinations/villas-in-spain/villas-in-canary-islands/tenerife	FOUND	https://www.villaplus.com/destinations/villas-in-spain/villas-in-canary-islands/tenerife	http://staging1.villaplus.com/destinations/villas-in-spain/villas-in-canary-islands/tenerife	FAIL	FOUND	http://m.villaplus.com/destinations/villas-in-spain/villas-in-canary-islands/tenerife	FAIL
http://staging1.villaplus.com/destinations/villas-in-spain/villas-in-canary-islands/tenerife/private-transfers	FOUND	https://www.villaplus.com/destinations/villas-in-spain/villas-in-canary-islands/tenerife/private-transfers	http://staging1.villaplus.com/destinations/villas-in-spain/villas-in-canary-islands/tenerife/private-transfers	FAIL	FOUND	http://m.villaplus.com/destinations/villas-in-spain/villas-in-canary-islands/tenerife/private-transfers	FAIL
http://staging1.villaplus.com/tenerife/flights	FOUND	https://www.villaplus.com	http://staging1.villaplus.com/	FAIL	FOUND	http://m.villaplus.com/	FAIL
http://staging1.villaplus.com/lanzarote/places-of-interest	FOUND	https://www.villaplus.com/lanzarote/places-of-interest	http://staging1.villaplus.com/lanzarote/places-of-interest	FAIL	NOT FOUND		FAIL
http://staging1.villaplus.com/destinations/villas-in-spain/villas-in-mainland-spain/costa-del-sol/sports	FOUND	https://www.villaplus.com/destinations/villas-in-spain/villas-in-mainland-spain/costa-del-sol/sports	http://staging1.villaplus.com/destinations/villas-in-spain/villas-in-mainland-spain/costa-del-sol/sports	FAIL	NOT FOUND		FAIL
http://staging1.villaplus.com/destinations/villas-in-spain/villas-in-mainland-spain/costa-del-sol/restaurants	FOUND	https://www.villaplus.com/destinations/villas-in-spain/villas-in-mainland-spain/costa-del-sol/restaurants	http://staging1.villaplus.com/destinations/villas-in-spain/villas-in-mainland-spain/costa-del-sol/restaurants	FAIL	NOT FOUND		FAIL
http://staging1.villaplus.com/destinations/villas-in-spain/villas-in-mainland-spain/costa-del-sol/golf	FOUND	https://www.villaplus.com/destinations/villas-in-spain/villas-in-mainland-spain/costa-del-sol/golf	http://staging1.villaplus.com/destinations/villas-in-spain/villas-in-mainland-spain/costa-del-sol/golf	FAIL	NOT FOUND		FAIL
http://staging1.villaplus.com/destinations/villas-in-greek-islands/kefalonia	FOUND	https://www.villaplus.com/destinations/villas-in-greek-islands/kefalonia	http://staging1.villaplus.com/destinations/villas-in-greek-islands/kefalonia	FAIL	FOUND	http://m.villaplus.com/destinations/villas-in-greek-islands/kefalonia	FAIL
http://staging1.villaplus.com/destinations/villas-in-greek-islands/kefalonia/private-transfers	FOUND	https://www.villaplus.com/destinations/villas-in-greek-islands/kefalonia/private-transfers	http://staging1.villaplus.com/destinations/villas-in-greek-islands/kefalonia/private-transfers	FAIL	FOUND	http://m.villaplus.com/destinations/villas-in-greek-islands/kefalonia/private-transfers	FAIL
http://staging1.villaplus.com/kefalonia/flights	FOUND	https://www.villaplus.com	http://staging1.villaplus.com/	FAIL	FOUND	http://m.villaplus.com/	FAIL
http://staging1.villaplus.com/destinations/villas-in-spain/villas-in-mainland-spain/costa-blanca	FOUND	https://www.villaplus.com/destinations/villas-in-spain/villas-in-mainland-spain/costa-blanca	http://staging1.villaplus.com/destinations/villas-in-spain/villas-in-mainland-spain/costa-blanca	FAIL	FOUND	http://m.villaplus.com/destinations/villas-in-spain/villas-in-mainland-spain/costa-blanca	FAIL
http://staging1.villaplus.com/destinations/villas-in-spain/villas-in-balearic-islands/menorca/kids	FOUND	https://www.villaplus.com/destinations/villas-in-spain/villas-in-balearic-islands/menorca/kids	http://staging1.villaplus.com/destinations/villas-in-spain/villas-in-balearic-islands/menorca/kids	FAIL	NOT FOUND		FAIL
http://staging1.villaplus.com/destinations/villas-in-greek-islands/kefalonia	FOUND	https://www.villaplus.com/destinations/villas-in-greek-islands/kefalonia	http://staging1.villaplus.com/destinations/villas-in-greek-islands/kefalonia	FAIL	FOUND	http://m.villaplus.com/destinations/villas-in-greek-islands/kefalonia	FAIL
http://staging1.villaplus.com/kefalonia/places-of-interest	FOUND	https://www.villaplus.com/kefalonia/places-of-interest	http://staging1.villaplus.com/kefalonia/places-of-interest	FAIL	NOT FOUND		FAIL
http://staging1.villaplus.com/majorca/shopping	FOUND	https://www.villaplus.com/majorca/shopping	http://staging1.villaplus.com/majorca/shopping	FAIL	NOT FOUND		FAIL
http://staging1.villaplus.com/destinations/villas-in-spain/villas-in-balearic-islands/majorca/kids	FOUND	https://www.villaplus.com/destinations/villas-in-spain/villas-in-balearic-islands/majorca/kids	http://staging1.villaplus.com/destinations/villas-in-spain/villas-in-balearic-islands/majorca/kids	FAIL	NOT FOUND		FAIL
http://staging1.villaplus.com/destinations/villas-in-spain/villas-in-balearic-islands/majorca/golf	FOUND	https://www.villaplus.com/destinations/villas-in-spain/villas-in-balearic-islands/majorca/golf	http://staging1.villaplus.com/destinations/villas-in-spain/villas-in-balearic-islands/majorca/golf	FAIL	NOT FOUND		FAIL
http://staging1.villaplus.com/destinations/villas-in-greek-islands/kefalonia/restaurants	FOUND	https://www.villaplus.com/destinations/villas-in-greek-islands/kefalonia/restaurants	http://staging1.villaplus.com/destinations/villas-in-greek-islands/kefalonia/restaurants	FAIL	NOT FOUND		FAIL
http://staging1.villaplus.com/tenerife/places-of-interest	FOUND	https://www.villaplus.com/tenerife/places-of-interest	http://staging1.villaplus.com/tenerife/places-of-interest	FAIL	NOT FOUND		FAIL
http://staging1.villaplus.com/destinations/villas-in-portugal	FOUND	https://www.villaplus.com/destinations/villas-in-portugal	http://staging1.villaplus.com/destinations/villas-in-portugal	FAIL	FOUND	http://m.villaplus.com/destinations/villas-in-portugal	FAIL
http://staging1.villaplus.com/costa-blanca/places-of-interest	FOUND	https://www.villaplus.com/costa-blanca/places-of-interest	http://staging1.villaplus.com/costa-blanca/places-of-interest	FAIL	NOT FOUND		FAIL
http://staging1.villaplus.com/vp-top-travel-apps-gadgets	FOUND	https://www.villaplus.com/vp-top-travel-apps-gadgets	http://staging1.villaplus.com/vp-top-travel-apps-gadgets	FAIL	NOT FOUND		FAIL
http://staging1.villaplus.com/costa-blanca/shopping	FOUND	https://www.villaplus.com/costa-blanca/shopping	http://staging1.villaplus.com/costa-blanca/shopping	FAIL	NOT FOUND		FAIL
http://staging1.villaplus.com/crete/shopping	FOUND	https://www.villaplus.com/crete/shopping	http://staging1.villaplus.com/crete/shopping	FAIL	NOT FOUND		FAIL
http://staging1.villaplus.com/fuerteventura/shopping	FOUND	https://www.villaplus.com/fuerteventura/shopping	http://staging1.villaplus.com/fuerteventura/shopping	FAIL	NOT FOUND		FAIL
http://staging1.villaplus.com/kefalonia/shopping	FOUND	https://www.villaplus.com/kefalonia/shopping	http://staging1.villaplus.com/kefalonia/shopping	FAIL	NOT FOUND		FAIL
http://staging1.villaplus.com/lanzarote/shopping	FOUND	https://www.villaplus.com/lanzarote/shopping	http://staging1.villaplus.com/lanzarote/shopping	FAIL	NOT FOUND		FAIL
http://staging1.villaplus.com/rhodes/shopping	FOUND	https://www.villaplus.com/rhodes/shopping	http://staging1.villaplus.com/rhodes/shopping	FAIL	NOT FOUND		FAIL
http://staging1.villaplus.com/tenerife/shopping	FOUND	https://www.villaplus.com/tenerife/shopping	http://staging1.villaplus.com/tenerife/shopping	FAIL	NOT FOUND		FAIL
http://staging1.villaplus.com/destinations/villas-in-spain/villas-in-mainland-spain/costa-blanca/sports	FOUND	https://www.villaplus.com/destinations/villas-in-spain/villas-in-mainland-spain/costa-blanca/sports	http://staging1.villaplus.com/destinations/villas-in-spain/villas-in-mainland-spain/costa-blanca/sports	FAIL	NOT FOUND		FAIL
http://staging1.villaplus.com/destinations/cyprus/sports	FOUND	https://www.villaplus.com/destinations/cyprus/sports	http://staging1.villaplus.com/destinations/cyprus/sports	FAIL	NOT FOUND		FAIL
http://staging1.villaplus.com/destinations/villas-in-spain/villas-in-canary-islands/fuerteventura/sports	FOUND	https://www.villaplus.com/destinations/villas-in-spain/villas-in-canary-islands/fuerteventura/sports	http://staging1.villaplus.com/destinations/villas-in-spain/villas-in-canary-islands/fuerteventura/sports	FAIL	NOT FOUND		FAIL
http://staging1.villaplus.com/destinations/villas-in-greek-islands/kefalonia/sports	FOUND	https://www.villaplus.com/destinations/villas-in-greek-islands/kefalonia/sports	http://staging1.villaplus.com/destinations/villas-in-greek-islands/kefalonia/sports	FAIL	NOT FOUND		FAIL
http://staging1.villaplus.com/destinations/villas-in-spain/villas-in-canary-islands/lanzarote/sports	FOUND	https://www.villaplus.com/destinations/villas-in-spain/villas-in-canary-islands/lanzarote/sports	http://staging1.villaplus.com/destinations/villas-in-spain/villas-in-canary-islands/lanzarote/sports	FAIL	NOT FOUND		FAIL
http://staging1.villaplus.com/destinations/villas-in-spain/villas-in-balearic-islands/majorca/sports	FOUND	https://www.villaplus.com/destinations/villas-in-spain/villas-in-balearic-islands/majorca/sports	http://staging1.villaplus.com/destinations/villas-in-spain/villas-in-balearic-islands/majorca/sports	FAIL	NOT FOUND		FAIL
http://staging1.villaplus.com/destinations/villas-in-greek-islands/rhodes/sports	FOUND	https://www.villaplus.com/destinations/villas-in-greek-islands/rhodes/sports	http://staging1.villaplus.com/destinations/villas-in-greek-islands/rhodes/sports	FAIL	NOT FOUND		FAIL
http://staging1.villaplus.com/destinations/villas-in-spain/villas-in-canary-islands/tenerife/sports	FOUND	https://www.villaplus.com/destinations/villas-in-spain/villas-in-canary-islands/tenerife/sports	http://staging1.villaplus.com/destinations/villas-in-spain/villas-in-canary-islands/tenerife/sports	FAIL	NOT FOUND		FAIL
http://staging1.villaplus.com/destinations/villas-in-spain/villas-in-mainland-spain/costa-blanca/restaurants	FOUND	https://www.villaplus.com/destinations/villas-in-spain/villas-in-mainland-spain/costa-blanca/restaurants	http://staging1.villaplus.com/destinations/villas-in-spain/villas-in-mainland-spain/costa-blanca/restaurants	FAIL	NOT FOUND		FAIL
http://staging1.villaplus.com/destinations/villas-in-greek-islands/corfu/restaurants	FOUND	https://www.villaplus.com/destinations/villas-in-greek-islands/corfu/restaurants	http://staging1.villaplus.com/destinations/villas-in-greek-islands/corfu/restaurants	FAIL	NOT FOUND		FAIL
http://staging1.villaplus.com/destinations/villas-in-greek-islands/crete/restaurants	FOUND	https://www.villaplus.com/destinations/villas-in-greek-islands/crete/restaurants	http://staging1.villaplus.com/destinations/villas-in-greek-islands/crete/restaurants	FAIL	NOT FOUND		FAIL
http://staging1.villaplus.com/destinations/villas-in-spain/villas-in-canary-islands/fuerteventura/restaurants	FOUND	https://www.villaplus.com/destinations/villas-in-spain/villas-in-canary-islands/fuerteventura/restaurants	http://staging1.villaplus.com/destinations/villas-in-spain/villas-in-canary-islands/fuerteventura/restaurants	FAIL	NOT FOUND		FAIL
http://staging1.villaplus.com/destinations/villas-in-spain/villas-in-canary-islands/lanzarote/restaurants	FOUND	https://www.villaplus.com/destinations/villas-in-spain/villas-in-canary-islands/lanzarote/restaurants	http://staging1.villaplus.com/destinations/villas-in-spain/villas-in-canary-islands/lanzarote/restaurants	FAIL	NOT FOUND		FAIL
http://staging1.villaplus.com/destinations/villas-in-spain/villas-in-balearic-islands/majorca/restaurants	FOUND	https://www.villaplus.com/destinations/villas-in-spain/villas-in-balearic-islands/majorca/restaurants	http://staging1.villaplus.com/destinations/villas-in-spain/villas-in-balearic-islands/majorca/restaurants	FAIL	NOT FOUND		FAIL
http://staging1.villaplus.com/destinations/villas-in-spain/villas-in-mainland-spain/costa-del-sol/restaurants	FOUND	https://www.villaplus.com/destinations/villas-in-spain/villas-in-mainland-spain/costa-del-sol/restaurants	http://staging1.villaplus.com/destinations/villas-in-spain/villas-in-mainland-spain/costa-del-sol/restaurants	FAIL	NOT FOUND		FAIL
http://staging1.villaplus.com/destinations/villas-in-spain/villas-in-canary-islands/tenerife/restaurants	FOUND	https://www.villaplus.com/destinations/villas-in-spain/villas-in-canary-islands/tenerife/restaurants	http://staging1.villaplus.com/destinations/villas-in-spain/villas-in-canary-islands/tenerife/restaurants	FAIL	NOT FOUND		FAIL
http://staging1.villaplus.com/destinations/villas-in-portugal/algarve/kids	FOUND	https://www.villaplus.com/destinations/villas-in-portugal/algarve/kids	http://staging1.villaplus.com/destinations/villas-in-portugal/algarve/kids	FAIL	NOT FOUND		FAIL
http://staging1.villaplus.com/destinations/villas-in-spain/villas-in-mainland-spain/costa-blanca/kids	FOUND	https://www.villaplus.com/destinations/villas-in-spain/villas-in-mainland-spain/costa-blanca/kids	http://staging1.villaplus.com/destinations/villas-in-spain/villas-in-mainland-spain/costa-blanca/kids	FAIL	NOT FOUND		FAIL
http://staging1.villaplus.com/destinations/villas-in-greek-islands/corfu/kids	FOUND	https://www.villaplus.com/destinations/villas-in-greek-islands/corfu/kids	http://staging1.villaplus.com/destinations/villas-in-greek-islands/corfu/kids	FAIL	NOT FOUND		FAIL
http://staging1.villaplus.com/destinations/villas-in-greek-islands/crete/kids	FOUND	https://www.villaplus.com/destinations/villas-in-greek-islands/crete/kids	http://staging1.villaplus.com/destinations/villas-in-greek-islands/crete/kids	FAIL	NOT FOUND		FAIL
http://staging1.villaplus.com/destinations/villas-in-spain/villas-in-canary-islands/fuerteventura/kids	FOUND	https://www.villaplus.com/destinations/villas-in-spain/villas-in-canary-islands/fuerteventura/kids	http://staging1.villaplus.com/destinations/villas-in-spain/villas-in-canary-islands/fuerteventura/kids	FAIL	NOT FOUND		FAIL
http://staging1.villaplus.com/destinations/villas-in-greek-islands/kefalonia/kids	FOUND	https://www.villaplus.com/destinations/villas-in-greek-islands/kefalonia/kids	http://staging1.villaplus.com/destinations/villas-in-greek-islands/kefalonia/kids	FAIL	NOT FOUND		FAIL
http://staging1.villaplus.com/destinations/villas-in-spain/villas-in-canary-islands/lanzarote/kids	FOUND	https://www.villaplus.com/destinations/villas-in-spain/villas-in-canary-islands/lanzarote/kids	http://staging1.villaplus.com/destinations/villas-in-spain/villas-in-canary-islands/lanzarote/kids	FAIL	NOT FOUND		FAIL
http://staging1.villaplus.com/destinations/villas-in-greek-islands/rhodes/kids	FOUND	https://www.villaplus.com/destinations/villas-in-greek-islands/rhodes/kids	http://staging1.villaplus.com/destinations/villas-in-greek-islands/rhodes/kids	FAIL	NOT FOUND		FAIL
http://staging1.villaplus.com/destinations/villas-in-spain/villas-in-canary-islands/tenerife/kids	FOUND	https://www.villaplus.com/destinations/villas-in-spain/villas-in-canary-islands/tenerife/kids	http://staging1.villaplus.com/destinations/villas-in-spain/villas-in-canary-islands/tenerife/kids	FAIL	NOT FOUND		FAIL
http://staging1.villaplus.com/destinations/villas-in-spain/villas-in-mainland-spain/costa-blanca/golf	FOUND	https://www.villaplus.com/destinations/villas-in-spain/villas-in-mainland-spain/costa-blanca/golf	http://staging1.villaplus.com/destinations/villas-in-spain/villas-in-mainland-spain/costa-blanca/golf	FAIL	NOT FOUND		FAIL
http://staging1.villaplus.com/destinations/villas-in-greek-islands/corfu/golf	FOUND	https://www.villaplus.com/destinations/villas-in-greek-islands/corfu/golf	http://staging1.villaplus.com/destinations/villas-in-greek-islands/corfu/golf	FAIL	NOT FOUND		FAIL
http://staging1.villaplus.com/destinations/villas-in-greek-islands/crete/golf	FOUND	https://www.villaplus.com/destinations/villas-in-greek-islands/crete/golf	http://staging1.villaplus.com/destinations/villas-in-greek-islands/crete/golf	FAIL	NOT FOUND		FAIL
http://staging1.villaplus.com/destinations/villas-in-spain/villas-in-canary-islands/fuerteventura/golf	FOUND	https://www.villaplus.com/destinations/villas-in-spain/villas-in-canary-islands/fuerteventura/golf	http://staging1.villaplus.com/destinations/villas-in-spain/villas-in-canary-islands/fuerteventura/golf	FAIL	NOT FOUND		FAIL
http://staging1.villaplus.com/destinations/villas-in-greek-islands/kefalonia	FOUND	https://www.villaplus.com/destinations/villas-in-greek-islands/kefalonia	http://staging1.villaplus.com/destinations/villas-in-greek-islands/kefalonia	FAIL	FOUND	http://m.villaplus.com/destinations/villas-in-greek-islands/kefalonia	FAIL
http://staging1.villaplus.com/lanzarote/activities/golf	404	Not Found	FAIL
http://staging1.villaplus.com/destinations/villas-in-greek-islands/rhodes/golf	FOUND	https://www.villaplus.com/destinations/villas-in-greek-islands/rhodes/golf	http://staging1.villaplus.com/destinations/villas-in-greek-islands/rhodes/golf	FAIL	NOT FOUND		FAIL
http://staging1.villaplus.com/destinations/villas-in-spain/villas-in-canary-islands/tenerife/golf	FOUND	https://www.villaplus.com/destinations/villas-in-spain/villas-in-canary-islands/tenerife/golf	http://staging1.villaplus.com/destinations/villas-in-spain/villas-in-canary-islands/tenerife/golf	FAIL	NOT FOUND		FAIL
http://staging1.villaplus.com/turkey	500	Internal Sever Error	FAIL
http://staging1.villaplus.com/turkey/villas	500	Internal Sever Error	FAIL
http://staging1.villaplus.com/turkey/places-of-interest	FOUND	https://www.villaplus.com/turkey/places-of-interest	http://staging1.villaplus.com/turkey/places-of-interest	FAIL	NOT FOUND		FAIL
http://staging1.villaplus.com/turkey/shopping	FOUND	https://www.villaplus.com/turkey/shopping	http://staging1.villaplus.com/turkey/shopping	FAIL	NOT FOUND		FAIL
http://staging1.villaplus.com/destinations/turkey/car-hire	FOUND	https://www.villaplus.com/destinations/turkey/car-hire	http://staging1.villaplus.com/destinations/turkey/car-hire	FAIL	FOUND	http://m.villaplus.com/destinations/turkey/car-hire	FAIL
http://staging1.villaplus.com/turkey/beaches	500	Internal Sever Error	FAIL
http://staging1.villaplus.com/destinations/turkey/sports	FOUND	https://www.villaplus.com/destinations/turkey/sports	http://staging1.villaplus.com/destinations/turkey/sports	FAIL	NOT FOUND		FAIL
http://staging1.villaplus.com/destinations/turkey/restaurants	FOUND	https://www.villaplus.com/destinations/turkey/restaurants	http://staging1.villaplus.com/destinations/turkey/restaurants	FAIL	NOT FOUND		FAIL
http://staging1.villaplus.com/turkey/resorts	500	Internal Sever Error	FAIL
http://staging1.villaplus.com/destinations/turkey/private-transfers	FOUND	https://www.villaplus.com/destinations/turkey/private-transfers	http://staging1.villaplus.com/destinations/turkey/private-transfers	FAIL	FOUND	http://m.villaplus.com/destinations/turkey/private-transfers	FAIL
http://staging1.villaplus.com/turkey/flights	FOUND	https://www.villaplus.com	http://staging1.villaplus.com/	FAIL	FOUND	http://m.villaplus.com/	FAIL
http://staging1.villaplus.com/destinations/turkey/kids	FOUND	https://www.villaplus.com/destinations/turkey/kids	http://staging1.villaplus.com/destinations/turkey/kids	FAIL	NOT FOUND		FAIL
http://staging1.villaplus.com/destinations/turkey/golf	FOUND	https://www.villaplus.com/destinations/turkey/golf	http://staging1.villaplus.com/destinations/turkey/golf	FAIL	NOT FOUND		FAIL
http://staging1.villaplus.com/villas/centrally-located-villas	FOUND	https://www.villaplus.com/villas/centrally-located-villas	http://staging1.villaplus.com/villas/centrally-located-villas	FAIL	FOUND	http://m.villaplus.com/villas/centrally-located-villas	FAIL
http://staging1.villaplus.com/villas/sea-view-villas	FOUND	https://www.villaplus.com/villas/sea-view-villas	http://staging1.villaplus.com/villas/sea-view-villas	FAIL	FOUND	http://m.villaplus.com/villas/sea-view-villas	FAIL
http://staging1.villaplus.com/villas/villas-for-couples-and-small-groups	FOUND	https://www.villaplus.com/villas/villas-for-couples-and-small-groups	http://staging1.villaplus.com/villas/villas-for-couples-and-small-groups	FAIL	FOUND	http://m.villaplus.com/villas/villas-for-couples-and-small-groups	FAIL
http://staging1.villaplus.com/villas/countryside-villas	FOUND	https://www.villaplus.com/villas/countryside-villas	http://staging1.villaplus.com/villas/countryside-villas	FAIL	FOUND	http://m.villaplus.com/villas/countryside-villas	FAIL
http://staging1.villaplus.com/villas/villas-with-wifi	FOUND	https://www.villaplus.com/villas/villas-with-wifi	http://staging1.villaplus.com/villas/villas-with-wifi	FAIL	FOUND	http://m.villaplus.com/villas/villas-with-wifi	FAIL
http://staging1.villaplus.com/destinations/villas-in-greek-islands	FOUND	https://www.villaplus.com/destinations/villas-in-greek-islands	http://staging1.villaplus.com/destinations/villas-in-greek-islands	FAIL	FOUND	http://m.villaplus.com/destinations/villas-in-greek-islands	FAIL
http://staging1.villaplus.com/destinations/villas-in-spain/villas-in-canary-islands	FOUND	https://www.villaplus.com/destinations/villas-in-spain/villas-in-canary-islands	http://staging1.villaplus.com/destinations/villas-in-spain/villas-in-canary-islands	FAIL	FOUND	http://m.villaplus.com/destinations/villas-in-spain/villas-in-canary-islands	FAIL
http://staging1.villaplus.com/destinations/villas-in-spain/villas-in-balearic-islands	FOUND	https://www.villaplus.com/destinations/villas-in-spain/villas-in-balearic-islands	http://staging1.villaplus.com/destinations/villas-in-spain/villas-in-balearic-islands	FAIL	FOUND	http://m.villaplus.com/destinations/villas-in-spain/villas-in-balearic-islands	FAIL
http://staging1.villaplus.com/destinations/villas-in-spain	FOUND	https://www.villaplus.com/destinations/villas-in-spain	http://staging1.villaplus.com/destinations/villas-in-spain	FAIL	FOUND	http://m.villaplus.com/destinations/villas-in-spain	FAIL
http://staging1.villaplus.com/faq	FOUND	https://www.villaplus.com/faq	http://staging1.villaplus.com/faq	FAIL	FOUND	http://m.villaplus.com/faq	FAIL
http://staging1.villaplus.com/destinations/villas-in-portugal/algarve#local-food	FOUND	https://www.villaplus.com/destinations/villas-in-portugal/algarve	http://staging1.villaplus.com/destinations/villas-in-portugal/algarve#local-food	FAIL	FOUND	http://m.villaplus.com/destinations/villas-in-portugal/algarve#local-food	FAIL
http://staging1.villaplus.com/destinations/villas-in-greek-islands/corfu	FOUND	https://www.villaplus.com/destinations/villas-in-greek-islands/corfu	http://staging1.villaplus.com/destinations/villas-in-greek-islands/corfu	FAIL	FOUND	http://m.villaplus.com/destinations/villas-in-greek-islands/corfu	FAIL
http://staging1.villaplus.com/destinations/villas-in-spain/villas-in-balearic-islands/majorca#local-food	FOUND	https://www.villaplus.com/destinations/villas-in-spain/villas-in-balearic-islands/majorca	http://staging1.villaplus.com/destinations/villas-in-spain/villas-in-balearic-islands/majorca#local-food	FAIL	FOUND	http://m.villaplus.com/destinations/villas-in-spain/villas-in-balearic-islands/majorca#local-food	FAIL
http://staging1.villaplus.com/destinations/cyprus	FOUND	https://www.villaplus.com/destinations/cyprus	http://staging1.villaplus.com/destinations/cyprus	FAIL	FOUND	http://m.villaplus.com/destinations/cyprus	FAIL
http://staging1.villaplus.com/destinations/villas-in-spain/villas-in-canary-islands/lanzarote#local-food	FOUND	https://www.villaplus.com/destinations/villas-in-spain/villas-in-canary-islands/lanzarote	http://staging1.villaplus.com/destinations/villas-in-spain/villas-in-canary-islands/lanzarote#local-food	FAIL	FOUND	http://m.villaplus.com/destinations/villas-in-spain/villas-in-canary-islands/lanzarote#local-food	FAIL
http://staging1.villaplus.com/destinations/villas-in-spain/villas-in-mainland-spain/costa-blanca#local-food	FOUND	https://www.villaplus.com/destinations/villas-in-spain/villas-in-mainland-spain/costa-blanca	http://staging1.villaplus.com/destinations/villas-in-spain/villas-in-mainland-spain/costa-blanca#local-food	FAIL	FOUND	http://m.villaplus.com/destinations/villas-in-spain/villas-in-mainland-spain/costa-blanca#local-food	FAIL
http://staging1.villaplus.com/destinations/villas-in-spain/villas-in-mainland-spain/costa-del-sol#local-food	FOUND	https://www.villaplus.com/destinations/villas-in-spain/villas-in-mainland-spain/costa-del-sol	http://staging1.villaplus.com/destinations/villas-in-spain/villas-in-mainland-spain/costa-del-sol#local-food	FAIL	FOUND	http://m.villaplus.com/destinations/villas-in-spain/villas-in-mainland-spain/costa-del-sol#local-food	FAIL
http://staging1.villaplus.com/destinations/villas-in-spain/villas-in-canary-islands/fuerteventura#local-food	FOUND	https://www.villaplus.com/destinations/villas-in-spain/villas-in-canary-islands/fuerteventura	http://staging1.villaplus.com/destinations/villas-in-spain/villas-in-canary-islands/fuerteventura#local-food	FAIL	FOUND	http://m.villaplus.com/destinations/villas-in-spain/villas-in-canary-islands/fuerteventura#local-food	FAIL
http://staging1.villaplus.com/destinations/villas-in-greek-islands/kefalonia	FOUND	https://www.villaplus.com/destinations/villas-in-greek-islands/kefalonia	http://staging1.villaplus.com/destinations/villas-in-greek-islands/kefalonia	FAIL	FOUND	http://m.villaplus.com/destinations/villas-in-greek-islands/kefalonia	FAIL
http://staging1.villaplus.com/destinations/villas-in-spain/villas-in-balearic-islands/menorca	FOUND	https://www.villaplus.com/destinations/villas-in-spain/villas-in-balearic-islands/menorca	http://staging1.villaplus.com/destinations/villas-in-spain/villas-in-balearic-islands/menorca	FAIL	FOUND	http://m.villaplus.com/destinations/villas-in-spain/villas-in-balearic-islands/menorca	FAIL
http://staging1.villaplus.com/villas/villas-with-tennis-courts	FOUND	https://www.villaplus.com/villas/villas-with-tennis-courts	http://staging1.villaplus.com/villas/villas-with-tennis-courts	FAIL	FOUND	http://m.villaplus.com/villas/villas-with-tennis-courts	FAIL
http://staging1.villaplus.com/british-travel-awards-winner	FOUND	https://www.villaplus.com/british-travel-awards-winner	http://staging1.villaplus.com/british-travel-awards-winner	FAIL	FOUND	http://m.villaplus.com/british-travel-awards-winner	FAIL
http://staging1.villaplus.com/how-to-book	FOUND	https://www.villaplus.com/how-to-book	http://staging1.villaplus.com/how-to-book	FAIL	NOT FOUND		FAIL
http://staging1.villaplus.com/vp-top-travel-apps-gadgets	FOUND	https://www.villaplus.com/vp-top-travel-apps-gadgets	http://staging1.villaplus.com/vp-top-travel-apps-gadgets	FAIL	NOT FOUND		FAIL
http://staging1.villaplus.com/villa-holidays-2017	FOUND	https://www.villaplus.com/villa-holidays-2017	http://staging1.villaplus.com/villa-holidays-2017	FAIL	FOUND	http://m.villaplus.com/villa-holidays-2017	FAIL
http://staging1.villaplus.com/autumn-villa-holidays	FOUND	https://www.villaplus.com/autumn-villa-holidays	http://staging1.villaplus.com/autumn-villa-holidays	FAIL	FOUND	http://m.villaplus.com/autumn-villa-holidays	FAIL

