URL	Status	Result	ResponseURL	PageTitle	PageTitleAlex	PageTitleStatus	MetaDescription	MetaDescriptionAlex	MetaDescriptionStatus	MetaKeyword	PriMetaKeywordAlex	SecMetaKeywordAlex	TrtMetaKeywordAlex	PriMetaKeywordStatus	SecMetaKeywordStatus	TrtMetaKeywordStatus	H1	H1Alex	H1Status
https://www.villaplus.com/blog/home_old	403	Forbidden	FAIL
https://www.villaplus.com/blog/Activity-Feed	403	Forbidden	FAIL
https://www.villaplus.com/blog/Search-Results	403	Forbidden	FAIL
https://www.villaplus.com/blog/	200	OK	https://www.villaplus.com/blog/	Villa Plus Blog | Villa Holidays Tips, Deals, Advice & Reviews		NOT MAPPED	NOT FOUND			",DotNetNuke,DNN" 				NOT MAPPED	NOT MAPPED	NOT MAPPED	NOT FOUND		
https://www.villaplus.com/blog/resort-guide	200	OK	https://www.villaplus.com/blog/resort-guide	Resort Guide | Villa Plus Blog		NOT MAPPED	Need to know a little more about potential holiday destinations? Read the Villa Plus resort guide to keep you in the loop about your next villa holiday.		NOT MAPPED	",DotNetNuke,DNN" 				NOT MAPPED	NOT MAPPED	NOT MAPPED	NOT FOUND		
https://www.villaplus.com/blog/holidayadvice	200	OK	https://www.villaplus.com/blog/holidayadvice	Holiday Advice | Villa Plus Blog		NOT MAPPED	You can check out the Villa Plus holiday advice inside. You will find out how to amend bookings, tips on when to book and checklists to help you prepare for your next holiday.		NOT MAPPED	",DotNetNuke,DNN" 				NOT MAPPED	NOT MAPPED	NOT MAPPED	NOT FOUND		
https://www.villaplus.com/blog/Ask-The-Experts	200	OK	https://www.villaplus.com/blog/Ask-The-Experts	Ask The Experts | Villa Plus Blog		NOT MAPPED	NOT FOUND			",DotNetNuke,DNN" 				NOT MAPPED	NOT MAPPED	NOT MAPPED	NOT FOUND		
https://www.villaplus.com/blog/latestnews	200	OK	https://www.villaplus.com/blog/latestnews	Latest News		NOT MAPPED	NOT FOUND			",DotNetNuke,DNN" 				NOT MAPPED	NOT MAPPED	NOT MAPPED	NOT FOUND		
https://www.villaplus.com/blog/Activity-Feed/My-Profile	403	Forbidden	FAIL
https://www.villaplus.com/blog/Activity-Feed/Friends	403	Forbidden	FAIL
https://www.villaplus.com/blog/Activity-Feed/Messages	403	Forbidden	FAIL
https://www.villaplus.com/blog/Home/Post/199/A-little-poem-about-Croatia	200	OK	https://www.villaplus.com/blog/Home/Post/199/A-little-poem-about-Croatia	Villa Plus Blog | Villa Holidays Tips, Deals, Advice & Reviews		NOT MAPPED	NOT FOUND			",DotNetNuke,DNN" 				NOT MAPPED	NOT MAPPED	NOT MAPPED	NOT FOUND		
https://www.villaplus.com/blog/Home/Post/209/2015-British-Travel-Award-Winners	200	OK	https://www.villaplus.com/blog/Home/Post/209/2015-British-Travel-Award-Winners	Villa Plus Blog | Villa Holidays Tips, Deals, Advice & Reviews		NOT MAPPED	NOT FOUND			",DotNetNuke,DNN" 				NOT MAPPED	NOT MAPPED	NOT MAPPED	NOT FOUND		
https://www.villaplus.com/blog/Home/Post/216/Dispelling-the-myths-of-Costa-Blanca	200	OK	https://www.villaplus.com/blog/Home/Post/216/Dispelling-the-myths-of-Costa-Blanca	Villa Plus Blog | Villa Holidays Tips, Deals, Advice & Reviews		NOT MAPPED	NOT FOUND			",DotNetNuke,DNN" 				NOT MAPPED	NOT MAPPED	NOT MAPPED	NOT FOUND		
https://www.villaplus.com/blog/Home/Post/219/Make-Some-Noise-and-win-a-family-holiday-with-Villa-Plus-and-Heart-Radio	200	OK	https://www.villaplus.com/blog/Home/Post/219/Make-Some-Noise-and-win-a-family-holiday-with-Villa-Plus-and-Heart-Radio	Villa Plus Blog | Villa Holidays Tips, Deals, Advice & Reviews		NOT MAPPED	NOT FOUND			",DotNetNuke,DNN" 				NOT MAPPED	NOT MAPPED	NOT MAPPED	NOT FOUND		
https://www.villaplus.com/blog/Home/Post/220/Ask-The-Experts-Tricia-Algarve-Resort-Manager	200	OK	https://www.villaplus.com/blog/Home/Post/220/Ask-The-Experts-Tricia-Algarve-Resort-Manager	Villa Plus Blog | Villa Holidays Tips, Deals, Advice & Reviews		NOT MAPPED	NOT FOUND			",DotNetNuke,DNN" 				NOT MAPPED	NOT MAPPED	NOT MAPPED	NOT FOUND		
https://www.villaplus.com/blog/Home/Post/222/Resort-Guide-The-White-Coast-of-Costa-Blanca	200	OK	https://www.villaplus.com/blog/Home/Post/222/Resort-Guide-The-White-Coast-of-Costa-Blanca	Villa Plus Blog | Villa Holidays Tips, Deals, Advice & Reviews		NOT MAPPED	NOT FOUND			",DotNetNuke,DNN" 				NOT MAPPED	NOT MAPPED	NOT MAPPED	NOT FOUND		
https://www.villaplus.com/blog/Home/Post/225/Baggage-changes-You-spoke-we-listened	200	OK	https://www.villaplus.com/blog/Home/Post/225/Baggage-changes-You-spoke-we-listened	Villa Plus Blog | Villa Holidays Tips, Deals, Advice & Reviews		NOT MAPPED	NOT FOUND			",DotNetNuke,DNN" 				NOT MAPPED	NOT MAPPED	NOT MAPPED	NOT FOUND		
https://www.villaplus.com/blog/Home/Post/226/Here-s-our-tick-list-of-things-to-do-before-you-leave	200	OK	https://www.villaplus.com/blog/Home/Post/226/Here-s-our-tick-list-of-things-to-do-before-you-leave	Villa Plus Blog | Villa Holidays Tips, Deals, Advice & Reviews		NOT MAPPED	NOT FOUND			",DotNetNuke,DNN" 				NOT MAPPED	NOT MAPPED	NOT MAPPED	NOT FOUND		
https://www.villaplus.com/blog/Home/Post/227/Introducing-Norwegian-Airlines	200	OK	https://www.villaplus.com/blog/Home/Post/227/Introducing-Norwegian-Airlines	Villa Plus Blog | Villa Holidays Tips, Deals, Advice & Reviews		NOT MAPPED	NOT FOUND			",DotNetNuke,DNN" 				NOT MAPPED	NOT MAPPED	NOT MAPPED	NOT FOUND		
https://www.villaplus.com/blog/Home/Post/228/Villa-Plus-As-Seen-On-TV	200	OK	https://www.villaplus.com/blog/Home/Post/228/Villa-Plus-As-Seen-On-TV	Villa Plus Blog | Villa Holidays Tips, Deals, Advice & Reviews		NOT MAPPED	NOT FOUND			",DotNetNuke,DNN" 				NOT MAPPED	NOT MAPPED	NOT MAPPED	NOT FOUND		
https://www.villaplus.com/blog/Home/Post/229/Travel-Tips-Booking-Early-ABTAearlybird	200	OK	https://www.villaplus.com/blog/Home/Post/229/Travel-Tips-Booking-Early-ABTAearlybird	Villa Plus Blog | Villa Holidays Tips, Deals, Advice & Reviews		NOT MAPPED	NOT FOUND			",DotNetNuke,DNN" 				NOT MAPPED	NOT MAPPED	NOT MAPPED	NOT FOUND		
https://www.villaplus.com/blog/Home/Post/230/Your-Top-Travel-Tips-Competition	200	OK	https://www.villaplus.com/blog/Home/Post/230/Your-Top-Travel-Tips-Competition	Villa Plus Blog | Villa Holidays Tips, Deals, Advice & Reviews		NOT MAPPED	NOT FOUND			",DotNetNuke,DNN" 				NOT MAPPED	NOT MAPPED	NOT MAPPED	NOT FOUND		
https://www.villaplus.com/blog/Home/Post/231/Le-Tour-de-Majorca-A-trip-to-Puerto-Pollensa-Majorca	200	OK	https://www.villaplus.com/blog/Home/Post/231/Le-Tour-de-Majorca-A-trip-to-Puerto-Pollensa-Majorca	Villa Plus Blog | Villa Holidays Tips, Deals, Advice & Reviews		NOT MAPPED	NOT FOUND			",DotNetNuke,DNN" 				NOT MAPPED	NOT MAPPED	NOT MAPPED	NOT FOUND		
https://www.villaplus.com/blog/Home/Post/232/Javea-Costa-Blanca-Ranked-In-The-Top-5-Diving-Destinations-Worldwide	200	OK	https://www.villaplus.com/blog/Home/Post/232/Javea-Costa-Blanca-Ranked-In-The-Top-5-Diving-Destinations-Worldwide	Villa Plus Blog | Villa Holidays Tips, Deals, Advice & Reviews		NOT MAPPED	NOT FOUND			",DotNetNuke,DNN" 				NOT MAPPED	NOT MAPPED	NOT MAPPED	NOT FOUND		
https://www.villaplus.com/blog/Home/Post/233/Did-You-Know-You-Can-Select-Thomas-Cook-Flights-With-Villa-Plus	200	OK	https://www.villaplus.com/blog/Home/Post/233/Did-You-Know-You-Can-Select-Thomas-Cook-Flights-With-Villa-Plus	Villa Plus Blog | Villa Holidays Tips, Deals, Advice & Reviews		NOT MAPPED	NOT FOUND			",DotNetNuke,DNN" 				NOT MAPPED	NOT MAPPED	NOT MAPPED	NOT FOUND		
https://www.villaplus.com/blog/Home/Post/234/Introducing-Shaun-In-The-City	200	OK	https://www.villaplus.com/blog/Home/Post/234/Introducing-Shaun-In-The-City	Villa Plus Blog | Villa Holidays Tips, Deals, Advice & Reviews		NOT MAPPED	NOT FOUND			",DotNetNuke,DNN" 				NOT MAPPED	NOT MAPPED	NOT MAPPED	NOT FOUND		
https://www.villaplus.com/blog/Home/Post/235/Shaun-In-The-City-The-Trail	200	OK	https://www.villaplus.com/blog/Home/Post/235/Shaun-In-The-City-The-Trail	Villa Plus Blog | Villa Holidays Tips, Deals, Advice & Reviews		NOT MAPPED	NOT FOUND			",DotNetNuke,DNN" 				NOT MAPPED	NOT MAPPED	NOT MAPPED	NOT FOUND		
https://www.villaplus.com/blog/Home/Post/236/Alterations-to-a-villa-holiday	200	OK	https://www.villaplus.com/blog/Home/Post/236/Alterations-to-a-villa-holiday	Villa Plus Blog | Villa Holidays Tips, Deals, Advice & Reviews		NOT MAPPED	NOT FOUND			",DotNetNuke,DNN" 				NOT MAPPED	NOT MAPPED	NOT MAPPED	NOT FOUND		
https://www.villaplus.com/blog/Home/Post/237/A-sneak-peak-of-our-Shaun-In-The-City-statue	200	OK	https://www.villaplus.com/blog/Home/Post/237/A-sneak-peak-of-our-Shaun-In-The-City-statue	Villa Plus Blog | Villa Holidays Tips, Deals, Advice & Reviews		NOT MAPPED	NOT FOUND			",DotNetNuke,DNN" 				NOT MAPPED	NOT MAPPED	NOT MAPPED	NOT FOUND		
https://www.villaplus.com/blog/Home/Post/238/Villa-Plus-World-Book-Day-Playlist	200	OK	https://www.villaplus.com/blog/Home/Post/238/Villa-Plus-World-Book-Day-Playlist	Villa Plus Blog | Villa Holidays Tips, Deals, Advice & Reviews		NOT MAPPED	NOT FOUND			",DotNetNuke,DNN" 				NOT MAPPED	NOT MAPPED	NOT MAPPED	NOT FOUND		
https://www.villaplus.com/blog/Home/Post/239/Happy-Chinese-Lunar-Year-Of-The-Sheep	200	OK	https://www.villaplus.com/blog/Home/Post/239/Happy-Chinese-Lunar-Year-Of-The-Sheep	Villa Plus Blog | Villa Holidays Tips, Deals, Advice & Reviews		NOT MAPPED	NOT FOUND			",DotNetNuke,DNN" 				NOT MAPPED	NOT MAPPED	NOT MAPPED	NOT FOUND		
https://www.villaplus.com/blog/Home/Post/240/30-Years-of-Sunshine	200	OK	https://www.villaplus.com/blog/Home/Post/240/30-Years-of-Sunshine	Villa Plus Blog | Villa Holidays Tips, Deals, Advice & Reviews		NOT MAPPED	NOT FOUND			",DotNetNuke,DNN" 				NOT MAPPED	NOT MAPPED	NOT MAPPED	NOT FOUND		

