URL	CANONICALTagsStatus	ResponseURL	CanonicalURLCheckFromPageSouce	CanonicalURLsStatus	AlternateStatus	AlternateURL	AlternateURLStatus
http://staging1.villaplus.com/villas-with-wifi		FAIL
http://staging1.villaplus.com/atol-protected-abta-members		FAIL
http://staging1.villaplus.com/destinations		FAIL
http://staging1.villaplus.com/large-villas-to-rent		FAIL
http://staging1.villaplus.com/villas-with-wifi		FAIL
http://staging1.villaplus.com/beach-villas		FAIL
http://staging1.villaplus.com/villas-with-gated-pools		FAIL
http://staging1.villaplus.com/avis-car-hire		FAIL
http://staging1.villaplus.com/villas-with-heated-pools		FAIL
http://staging1.villaplus.com/very-villa-plus		FAIL
http://staging1.villaplus.com/villas-with-air-conditioning		FAIL
http://staging1.villaplus.com/why-book-with-us		FAIL
http://staging1.villaplus.com/about-us		FAIL
http://staging1.villaplus.com/booking-conditions		FAIL
http://staging1.villaplus.com/request-a-brochure		FAIL
http://staging1.villaplus.com/contact-us		FAIL
http://staging1.villaplus.com/villa-holidays-2014		FAIL
http://staging1.villaplus.com/october-villa-holidays		FAIL
http://staging1.villaplus.com/price-match		FAIL
http://staging1.villaplus.com/low-deposit-villa-holidays		FAIL
http://staging1.villaplus.com/algarve/villas		FAIL
http://staging1.villaplus.com/majorca/villas		FAIL
http://staging1.villaplus.com/menorca/villas		FAIL
http://staging1.villaplus.com/lanzarote/villas		FAIL
http://staging1.villaplus.com/fuerteventura/villas		FAIL
http://staging1.villaplus.com/tenerife/villas		FAIL
http://staging1.villaplus.com/costa-del-sol/villas		FAIL
http://staging1.villaplus.com/costa-blanca/villas		FAIL
http://staging1.villaplus.com/corfu/villas		FAIL
http://staging1.villaplus.com/kefalonia/villas		FAIL
http://staging1.villaplus.com/crete/villas		FAIL
http://staging1.villaplus.com/rhodes/villas		FAIL
http://staging1.villaplus.com/cyprus/villas		FAIL
http://staging1.villaplus.com/owners		FAIL
http://staging1.villaplus.com/vp-holiday-games-guide		FAIL
http://staging1.villaplus.com/sitemap		FAIL
http://staging1.villaplus.com/privacy		FAIL
http://staging1.villaplus.com/eco-policy		FAIL
http://staging1.villaplus.com/cookie-policy		FAIL
http://staging1.villaplus.com/cheap-villa-holidays-with-flights		FAIL
http://staging1.villaplus.com/cheap-villa-holidays		FAIL
http://staging1.villaplus.com/villa-rentals		FAIL
http://staging1.villaplus.com/private-villas-with-pools		FAIL
http://staging1.villaplus.com/villa-holiday		FAIL
http://staging1.villaplus.com/villas-with-pool		FAIL
http://staging1.villaplus.com/last-minute-villas		FAIL
http://staging1.villaplus.com/villa-holidays-2013		FAIL
http://staging1.villaplus.com/winter-villas		FAIL
http://staging1.villaplus.com/whitsun-villas		FAIL
http://staging1.villaplus.com/summer-villas		FAIL
http://staging1.villaplus.com/early-summer-villas		FAIL
http://staging1.villaplus.com/heartfm		FAIL
http://staging1.villaplus.com/connect		FAIL
http://staging1.villaplus.com/easter-villa-holidays		FAIL
http://staging1.villaplus.com/september-villa-holidays		FAIL
http://staging1.villaplus.com/owners/meet-the-team		FAIL
http://staging1.villaplus.com/owners/rent-my-villa		FAIL
http://staging1.villaplus.com/owners/what-happens-next		FAIL
http://staging1.villaplus.com/owners/health-and-safety		FAIL
http://staging1.villaplus.com/feedback		FAIL
http://staging1.villaplus.com/algarve		FAIL
http://staging1.villaplus.com/algarve/activities/shopping		FAIL
http://staging1.villaplus.com/cyprus/places-of-interest		FAIL
http://staging1.villaplus.com/cyprus/activities/shopping		FAIL
http://staging1.villaplus.com/cyprus/car-hire		FAIL
http://staging1.villaplus.com/cyprus/beaches		FAIL
http://staging1.villaplus.com/cyprus/activities/sports		FAIL
http://staging1.villaplus.com/cyprus/activities/restaurants		FAIL
http://staging1.villaplus.com/algarve/beaches		FAIL
http://staging1.villaplus.com/health-and-safety		FAIL
http://staging1.villaplus.com/useful-information		FAIL
http://staging1.villaplus.com/website-terms-of-use		FAIL
http://staging1.villaplus.com/menorca/places-of-interest		FAIL
http://staging1.villaplus.com/travel-insurance		FAIL
http://staging1.villaplus.com/car-hire		FAIL
http://staging1.villaplus.com/algarve/private-transfers		FAIL
http://staging1.villaplus.com/costa-del-sol/beaches		FAIL
http://staging1.villaplus.com/rhodes/places-of-interest		FAIL
http://staging1.villaplus.com/majorca/places-of-interest		FAIL
http://staging1.villaplus.com/corfu/beaches		FAIL
http://staging1.villaplus.com/majorca		FAIL
http://staging1.villaplus.com/menorca		FAIL
http://staging1.villaplus.com/lanzarote		FAIL
http://staging1.villaplus.com/fuerteventura		FAIL
http://staging1.villaplus.com/tenerife		FAIL
http://staging1.villaplus.com/costa-del-sol		FAIL
http://staging1.villaplus.com/costa-blanca		FAIL
http://staging1.villaplus.com/corfu		FAIL
http://staging1.villaplus.com/kefalonia		FAIL
http://staging1.villaplus.com/crete		FAIL
http://staging1.villaplus.com/rhodes		FAIL
http://staging1.villaplus.com/cyprus		FAIL
http://staging1.villaplus.com/menorca/beaches		FAIL
http://staging1.villaplus.com/menorca/activities/shopping		FAIL
http://staging1.villaplus.com/menorca/activities/restaurants		FAIL
http://staging1.villaplus.com/menorca/activities/sports		FAIL
http://staging1.villaplus.com/menorca/activities/golf		FAIL
http://staging1.villaplus.com/cyprus/resorts		FAIL
http://staging1.villaplus.com/cyprus/private-transfers		FAIL
http://staging1.villaplus.com/cyprus/flights		FAIL
http://staging1.villaplus.com/majorca/beaches		FAIL
http://staging1.villaplus.com/majorca/car-hire		FAIL
http://staging1.villaplus.com/villas-with-private-pools		FAIL
http://staging1.villaplus.com/fuerteventura/resorts		FAIL
http://staging1.villaplus.com/fuerteventura/private-transfers		FAIL
http://staging1.villaplus.com/fuerteventura/flights		FAIL
http://staging1.villaplus.com/majorca/private-transfers		FAIL
http://staging1.villaplus.com/majorca/flights		FAIL
http://staging1.villaplus.com/corfu/places-of-interest		FAIL
http://staging1.villaplus.com/lanzarote/resorts		FAIL
http://staging1.villaplus.com/lanzarote/private-transfers		FAIL
http://staging1.villaplus.com/lanzarote/flights		FAIL
http://staging1.villaplus.com/rhodes/beaches		FAIL
http://staging1.villaplus.com/costa-del-sol/activities/shopping		FAIL
http://staging1.villaplus.com/algarve/places-of-interest		FAIL
http://staging1.villaplus.com/lanzarote/beaches		FAIL
http://staging1.villaplus.com/cyprus/activities/kids		FAIL
http://staging1.villaplus.com/cyprus/activities/golf		FAIL
http://staging1.villaplus.com/corfu/activities/shopping		FAIL
http://staging1.villaplus.com/corfu/activities/sports		FAIL
http://staging1.villaplus.com/corfu/car-hire		FAIL
http://staging1.villaplus.com/majorca/resorts		FAIL
http://staging1.villaplus.com/algarve/resorts		FAIL
http://staging1.villaplus.com/algarve/flights		FAIL
http://staging1.villaplus.com/rhodes/resorts		FAIL
http://staging1.villaplus.com/rhodes/private-transfers		FAIL
http://staging1.villaplus.com/rhodes/flights		FAIL
http://staging1.villaplus.com/rhodes/car-hire		FAIL
http://staging1.villaplus.com/fuerteventura/places-of-interest		FAIL
http://staging1.villaplus.com/corfu/resorts		FAIL
http://staging1.villaplus.com/corfu/private-transfers		FAIL
http://staging1.villaplus.com/corfu/flights		FAIL
http://staging1.villaplus.com/fuerteventura/car-hire		FAIL
http://staging1.villaplus.com/crete/beaches		FAIL
http://staging1.villaplus.com/crete/places-of-interest		FAIL
http://staging1.villaplus.com/algarve/car-hire		FAIL
http://staging1.villaplus.com/menorca/car-hire		FAIL
http://staging1.villaplus.com/lanzarote/car-hire		FAIL
http://staging1.villaplus.com/tenerife/car-hire		FAIL
http://staging1.villaplus.com/costa-del-sol/car-hire		FAIL
http://staging1.villaplus.com/costa-blanca/car-hire		FAIL
http://staging1.villaplus.com/kefalonia/car-hire		FAIL
http://staging1.villaplus.com/crete/car-hire		FAIL
http://staging1.villaplus.com/fuerteventura/beaches		FAIL
http://staging1.villaplus.com/costa-del-sol/private-transfers		FAIL
http://staging1.villaplus.com/costa-del-sol/flights		FAIL
http://staging1.villaplus.com/costa-blanca/resorts		FAIL
http://staging1.villaplus.com/costa-blanca/private-transfers		FAIL
http://staging1.villaplus.com/costa-blanca/flights		FAIL
http://staging1.villaplus.com/costa-del-sol/places-of-interest		FAIL
http://staging1.villaplus.com/menorca/private-transfers		FAIL
http://staging1.villaplus.com/menorca/flights		FAIL
http://staging1.villaplus.com/menorca/resorts		FAIL
http://staging1.villaplus.com/costa-del-sol/resorts		FAIL
http://staging1.villaplus.com/crete/resorts		FAIL
http://staging1.villaplus.com/crete/private-transfers		FAIL
http://staging1.villaplus.com/crete/flights		FAIL
http://staging1.villaplus.com/tenerife/beaches		FAIL
http://staging1.villaplus.com/algarve/activities/golf		FAIL
http://staging1.villaplus.com/costa-del-sol/activities/kids		FAIL
http://staging1.villaplus.com/algarve/activities/restaurants		FAIL
http://staging1.villaplus.com/algarve/activities/sports		FAIL
http://staging1.villaplus.com/tenerife/resorts		FAIL
http://staging1.villaplus.com/tenerife/private-transfers		FAIL
http://staging1.villaplus.com/tenerife/flights		FAIL
http://staging1.villaplus.com/lanzarote/places-of-interest		FAIL
http://staging1.villaplus.com/costa-del-sol/activities/sports		FAIL
http://staging1.villaplus.com/costa-del-sol/activities/restaurants		FAIL
http://staging1.villaplus.com/costa-del-sol/activities/golf		FAIL
http://staging1.villaplus.com/kefalonia/resorts		FAIL
http://staging1.villaplus.com/kefalonia/private-transfers		FAIL
http://staging1.villaplus.com/kefalonia/flights		FAIL
http://staging1.villaplus.com/costa-blanca/beaches		FAIL
http://staging1.villaplus.com/menorca/activities/kids		FAIL
http://staging1.villaplus.com/kefalonia/beaches		FAIL
http://staging1.villaplus.com/kefalonia/places-of-interest		FAIL
http://staging1.villaplus.com/majorca/activities/shopping		FAIL
http://staging1.villaplus.com/majorca/activities/kids		FAIL
http://staging1.villaplus.com/majorca/activities/golf		FAIL
http://staging1.villaplus.com/kefalonia/activities/restaurants		FAIL
http://staging1.villaplus.com/tenerife/places-of-interest		FAIL
http://staging1.villaplus.com/villas-in-portugal		FAIL
http://staging1.villaplus.com/costa-blanca/places-of-interest		FAIL
http://staging1.villaplus.com/vp-top-travel-apps-gadgets		FAIL
http://staging1.villaplus.com/costa-blanca/activities/shopping		FAIL
http://staging1.villaplus.com/crete/activities/shopping		FAIL
http://staging1.villaplus.com/fuerteventura/activities/shopping		FAIL
http://staging1.villaplus.com/kefalonia/activities/shopping		FAIL
http://staging1.villaplus.com/lanzarote/activities/shopping		FAIL
http://staging1.villaplus.com/rhodes/activities/shopping		FAIL
http://staging1.villaplus.com/tenerife/activities/shopping		FAIL
http://staging1.villaplus.com/costa-blanca/activities/sports		FAIL
http://staging1.villaplus.com/cyprus/activities/sports		FAIL
http://staging1.villaplus.com/fuerteventura/activities/sports		FAIL
http://staging1.villaplus.com/kefalonia/activities/sports		FAIL
http://staging1.villaplus.com/lanzarote/activities/sports		FAIL
http://staging1.villaplus.com/majorca/activities/sports		FAIL
http://staging1.villaplus.com/rhodes/activities/sports		FAIL
http://staging1.villaplus.com/tenerife/activities/sports		FAIL
http://staging1.villaplus.com/costa-blanca/activities/restaurants		FAIL
http://staging1.villaplus.com/corfu/activities/restaurants		FAIL
http://staging1.villaplus.com/crete/activities/restaurants		FAIL
http://staging1.villaplus.com/fuerteventura/activities/restaurants		FAIL
http://staging1.villaplus.com/lanzarote/activities/restaurants		FAIL
http://staging1.villaplus.com/majorca/activities/restaurants		FAIL
http://staging1.villaplus.com/costa-del-sol/activities/restaurants		FAIL
http://staging1.villaplus.com/tenerife/activities/restaurants		FAIL
http://staging1.villaplus.com/algarve/activities/kids		FAIL
http://staging1.villaplus.com/costa-blanca/activities/kids		FAIL
http://staging1.villaplus.com/corfu/activities/kids		FAIL
http://staging1.villaplus.com/crete/activities/kids		FAIL
http://staging1.villaplus.com/fuerteventura/activities/kids		FAIL
http://staging1.villaplus.com/kefalonia/activities/kids		FAIL
http://staging1.villaplus.com/lanzarote/activities/kids		FAIL
http://staging1.villaplus.com/rhodes/activities/kids		FAIL
http://staging1.villaplus.com/tenerife/activities/kids		FAIL
http://staging1.villaplus.com/costa-blanca/activities/golf		FAIL
http://staging1.villaplus.com/corfu/activities/golf		FAIL
http://staging1.villaplus.com/crete/activities/golf		FAIL
http://staging1.villaplus.com/fuerteventura/activities/golf		FAIL
http://staging1.villaplus.com/kefalonia/activities/golf		FAIL
http://staging1.villaplus.com/lanzarote/activities/golf		FAIL
http://staging1.villaplus.com/rhodes/activities/golf		FAIL
http://staging1.villaplus.com/tenerife/activities/golf		FAIL
http://staging1.villaplus.com/turkey		FAIL
http://staging1.villaplus.com/turkey/villas		FAIL
http://staging1.villaplus.com/turkey/places-of-interest		FAIL
http://staging1.villaplus.com/turkey/activities/shopping		FAIL
http://staging1.villaplus.com/turkey/car-hire		FAIL
http://staging1.villaplus.com/turkey/beaches		FAIL
http://staging1.villaplus.com/turkey/activities/sports		FAIL
http://staging1.villaplus.com/turkey/activities/restaurants		FAIL
http://staging1.villaplus.com/turkey/resorts		FAIL
http://staging1.villaplus.com/turkey/private-transfers		FAIL
http://staging1.villaplus.com/turkey/flights		FAIL
http://staging1.villaplus.com/turkey/activities/kids		FAIL
http://staging1.villaplus.com/turkey/activities/golf		FAIL
http://staging1.villaplus.com/centrally-located-villas		FAIL
http://staging1.villaplus.com/sea-view-villas		FAIL
http://staging1.villaplus.com/villas-for-couples-and-small-groups		FAIL
http://staging1.villaplus.com/countryside-villas		FAIL
http://staging1.villaplus.com/wifi-villas		FAIL
http://staging1.villaplus.com/villas-in-greece		FAIL
http://staging1.villaplus.com/villas-in-canary-islands		FAIL
http://staging1.villaplus.com/villas-in-balearic-islands		FAIL
http://staging1.villaplus.com/villas-in-spain		FAIL
http://staging1.villaplus.com/faq		FAIL
http://staging1.villaplus.com/algarve/local-food		FAIL
http://staging1.villaplus.com/corfu/local-food		FAIL
http://staging1.villaplus.com/majorca/local-food		FAIL
http://staging1.villaplus.com/cyprus/local-food		FAIL
http://staging1.villaplus.com/lanzarote/local-food		FAIL
http://staging1.villaplus.com/costa-blanca/local-food		FAIL
http://staging1.villaplus.com/costa-del-sol/local-food		FAIL
http://staging1.villaplus.com/fuerteventura/local-food		FAIL
http://staging1.villaplus.com/kefalonia/local-food		FAIL
http://staging1.villaplus.com/menorca/local-food		FAIL
http://staging1.villaplus.com/villas-with-tennis-courts		FAIL
http://staging1.villaplus.com/british-travel-awards-winner		FAIL
http://staging1.villaplus.com/how-to-book		FAIL
http://staging1.villaplus.com/vp-top-travel-apps-gadgets		FAIL
http://staging1.villaplus.com/villa-holidays-2015		FAIL
http://staging1.villaplus.com/autumn-villa-holidays		FAIL

