URL	Status	Result	ResponseURL	CriteoTag
https://mobstaging.villaplus.com/		FAIL
https://mobstaging.villaplus.com/atol-protected-abta-members		FAIL
https://mobstaging.villaplus.com/destinations		FAIL
https://mobstaging.villaplus.com/large-villas-to-rent		FAIL
https://mobstaging.villaplus.com/villas-with-wifi		FAIL
https://mobstaging.villaplus.com/beach-villas		FAIL
https://mobstaging.villaplus.com/villas-with-gated-pools		FAIL
https://mobstaging.villaplus.com/villas-with-heated-pools		FAIL
https://mobstaging.villaplus.com/very-villa-plus		FAIL
https://mobstaging.villaplus.com/villas-with-air-conditioning		FAIL
https://mobstaging.villaplus.com/why-book-with-us		FAIL
https://mobstaging.villaplus.com/booking-conditions		FAIL
https://mobstaging.villaplus.com/contact-us		FAIL
https://mobstaging.villaplus.com/price-match		FAIL
https://mobstaging.villaplus.com/cheap-villa-holidays		FAIL
https://mobstaging.villaplus.com/last-minute-villas		FAIL
https://mobstaging.villaplus.com/winter-sun-holidays		FAIL
https://mobstaging.villaplus.com/whitsun-villas		FAIL
https://mobstaging.villaplus.com/summer-villas		FAIL
https://mobstaging.villaplus.com/early-summer-villas		FAIL
https://mobstaging.villaplus.com/easter-villa-holidays		FAIL
https://mobstaging.villaplus.com/destinations/villas-in-portugal/algarve		FAIL
https://mobstaging.villaplus.com/destinations/cyprus#beaches		FAIL
https://mobstaging.villaplus.com/destinations/villas-in-portugal/algarve#beaches		FAIL
https://mobstaging.villaplus.com/health-and-safety		FAIL
https://mobstaging.villaplus.com/useful-information		FAIL
https://mobstaging.villaplus.com/website-terms-of-use		FAIL
https://mobstaging.villaplus.com/destinations/villas-in-portugal/algarve#transfers		FAIL
https://mobstaging.villaplus.com/destinations/villas-in-spain/villas-in-mainland-spain/costa-del-sol#beaches		FAIL
https://mobstaging.villaplus.com/destinations/villas-in-greek-islands/corfu#beaches		FAIL
https://mobstaging.villaplus.com/destinations/villas-in-spain/villas-in-balearic-islands/majorca		FAIL
https://mobstaging.villaplus.com/destinations/villas-in-spain/villas-in-balearic-islands/menorca		FAIL
https://mobstaging.villaplus.com/destinations/villas-in-spain/villas-in-canary-islands/lanzarote		FAIL
https://mobstaging.villaplus.com/destinations/villas-in-spain/villas-in-canary-islands/fuerteventura		FAIL
https://mobstaging.villaplus.com/destinations/villas-in-spain/villas-in-canary-islands/tenerife		FAIL
https://mobstaging.villaplus.com/destinations/villas-in-spain/villas-in-mainland-spain/costa-del-sol		FAIL
https://mobstaging.villaplus.com/destinations/villas-in-spain/villas-in-mainland-spain/costa-blanca		FAIL
https://mobstaging.villaplus.com/destinations/villas-in-greek-islands/corfu		FAIL
https://mobstaging.villaplus.com/destinations/villas-in-greek-islands/kefalonia		FAIL
https://mobstaging.villaplus.com/destinations/villas-in-greek-islands/crete		FAIL
https://mobstaging.villaplus.com/destinations/villas-in-greek-islands/rhodes		FAIL
https://mobstaging.villaplus.com/destinations/cyprus		FAIL
https://mobstaging.villaplus.com/destinations/villas-in-spain/villas-in-balearic-islands/menorca#beaches		FAIL
https://mobstaging.villaplus.com/destinations/cyprus#resorts		FAIL
https://mobstaging.villaplus.com/destinations/cyprus#transfers		FAIL
https://mobstaging.villaplus.com/destinations/villas-in-spain/villas-in-balearic-islands/majorca#beaches		FAIL
https://mobstaging.villaplus.com/destinations/villas-in-spain/villas-in-balearic-islands/majorca#car-hire		FAIL
https://mobstaging.villaplus.com/destinations/villas-in-spain/villas-in-canary-islands/fuerteventura#resorts		FAIL
https://mobstaging.villaplus.com/destinations/villas-in-spain/villas-in-canary-islands/fuerteventura#transfers		FAIL
https://mobstaging.villaplus.com/destinations/villas-in-spain/villas-in-balearic-islands/majorca#transfers		FAIL
https://mobstaging.villaplus.com/destinations/villas-in-spain/villas-in-canary-islands/lanzarote#resorts		FAIL
https://mobstaging.villaplus.com/destinations/villas-in-spain/villas-in-canary-islands/lanzarote#transfers		FAIL
https://mobstaging.villaplus.com/destinations/villas-in-greek-islands/rhodes#beaches		FAIL
https://mobstaging.villaplus.com/destinations/villas-in-spain/villas-in-canary-islands/lanzarote#beaches		FAIL
https://mobstaging.villaplus.com/destinations/villas-in-greek-islands/corfu#car-hire		FAIL
https://mobstaging.villaplus.com/destinations/villas-in-spain/villas-in-balearic-islands/majorca#resorts		FAIL
https://mobstaging.villaplus.com/destinations/villas-in-portugal/algarve#resorts		FAIL
https://mobstaging.villaplus.com/destinations/villas-in-greek-islands/rhodes#resorts		FAIL
https://mobstaging.villaplus.com/destinations/villas-in-greek-islands/rhodes#transfers		FAIL
https://mobstaging.villaplus.com/destinations/villas-in-greek-islands/rhodes#car-hire		FAIL
https://mobstaging.villaplus.com/destinations/villas-in-greek-islands/corfu#resorts		FAIL
https://mobstaging.villaplus.com/destinations/villas-in-greek-islands/corfu#transfers		FAIL
https://mobstaging.villaplus.com/destinations/villas-in-spain/villas-in-canary-islands/fuerteventura#car-hire		FAIL
https://mobstaging.villaplus.com/destinations/villas-in-greek-islands/crete#beaches		FAIL
https://mobstaging.villaplus.com/destinations/villas-in-portugal/algarve#car-hire		FAIL
https://mobstaging.villaplus.com/destinations/villas-in-spain/villas-in-balearic-islands/menorca#car-hire		FAIL
https://mobstaging.villaplus.com/destinations/villas-in-spain/villas-in-canary-islands/lanzarote#car-hire		FAIL
https://mobstaging.villaplus.com/destinations/villas-in-spain/villas-in-canary-islands/tenerife#car-hire		FAIL
https://mobstaging.villaplus.com/destinations/villas-in-spain/villas-in-mainland-spain/costa-del-sol#car-hire		FAIL
https://mobstaging.villaplus.com/destinations/villas-in-spain/villas-in-mainland-spain/costa-blanca#car-hire		FAIL
https://mobstaging.villaplus.com/destinations/villas-in-greek-islands/kefalonia#car-hire		FAIL
https://mobstaging.villaplus.com/destinations/villas-in-greek-islands/crete#car-hire		FAIL
https://mobstaging.villaplus.com/destinations/villas-in-spain/villas-in-canary-islands/fuerteventura#beaches		FAIL
https://mobstaging.villaplus.com/destinations/villas-in-spain/villas-in-mainland-spain/costa-del-sol#transfers		FAIL
https://mobstaging.villaplus.com/destinations/villas-in-spain/villas-in-mainland-spain/costa-blanca#resorts		FAIL
https://mobstaging.villaplus.com/destinations/villas-in-spain/villas-in-mainland-spain/costa-blanca#transfers		FAIL
https://mobstaging.villaplus.com/destinations/villas-in-spain/villas-in-balearic-islands/menorca#transfers		FAIL
https://mobstaging.villaplus.com/destinations/villas-in-spain/villas-in-balearic-islands/menorca#resorts		FAIL
https://mobstaging.villaplus.com/destinations/villas-in-spain/villas-in-mainland-spain/costa-del-sol#resorts		FAIL
https://mobstaging.villaplus.com/destinations/villas-in-greek-islands/crete#resorts		FAIL
https://mobstaging.villaplus.com/destinations/villas-in-greek-islands/crete#transfers		FAIL
https://mobstaging.villaplus.com/destinations/villas-in-spain/villas-in-canary-islands/tenerife#beaches		FAIL
https://mobstaging.villaplus.com/destinations/villas-in-spain/villas-in-canary-islands/tenerife#resorts		FAIL
https://mobstaging.villaplus.com/destinations/villas-in-spain/villas-in-canary-islands/tenerife#transfers		FAIL
https://mobstaging.villaplus.com/destinations/villas-in-greek-islands/kefalonia#resorts		FAIL
https://mobstaging.villaplus.com/destinations/villas-in-greek-islands/kefalonia#transfers		FAIL
https://mobstaging.villaplus.com/destinations/villas-in-spain/villas-in-mainland-spain/costa-blanca#beaches		FAIL
https://mobstaging.villaplus.com/destinations/villas-in-greek-islands/kefalonia#beaches		FAIL
https://mobstaging.villaplus.com/destinations/villas-in-portugal		FAIL
https://mobstaging.villaplus.com/destinations/cyprus#car-hire		FAIL
https://mobstaging.villaplus.com/centrally-located-villas		FAIL
https://mobstaging.villaplus.com/sea-view-villas		FAIL
https://mobstaging.villaplus.com/villas-for-couples-and-small-groups		FAIL
https://mobstaging.villaplus.com/countryside-villas		FAIL
https://mobstaging.villaplus.com/destinations/villas-in-greek-islands		FAIL
https://mobstaging.villaplus.com/destinations/villas-in-spain/villas-in-canary-islands		FAIL
https://mobstaging.villaplus.com/destinations/villas-in-spain/villas-in-balearic-islands		FAIL
https://mobstaging.villaplus.com/destinations/villas-in-spain		FAIL
https://mobstaging.villaplus.com/faq		FAIL
https://mobstaging.villaplus.com/destinations/villas-in-portugal/algarve#local-food		FAIL
https://mobstaging.villaplus.com/destinations/villas-in-greek-islands/corfu#local-food		FAIL
https://mobstaging.villaplus.com/destinations/villas-in-spain/villas-in-balearic-islands/majorca#local-food		FAIL
https://mobstaging.villaplus.com/destinations/cyprus#local-food		FAIL
https://mobstaging.villaplus.com/destinations/villas-in-spain/villas-in-canary-islands/lanzarote#local-food		FAIL
https://mobstaging.villaplus.com/destinations/villas-in-spain/villas-in-mainland-spain/costa-blanca#local-food		FAIL
https://mobstaging.villaplus.com/destinations/villas-in-spain/villas-in-mainland-spain/costa-del-sol#local-food		FAIL
https://mobstaging.villaplus.com/destinations/villas-in-spain/villas-in-canary-islands/fuerteventura#local-food		FAIL
https://mobstaging.villaplus.com/destinations/villas-in-greek-islands/kefalonia#local-food		FAIL
https://mobstaging.villaplus.com/destinations/villas-in-spain/villas-in-balearic-islands/menorca#local-food		FAIL
https://mobstaging.villaplus.com/villas-with-tennis-courts		FAIL
https://mobstaging.villaplus.com/british-travel-awards-winner		FAIL
https://mobstaging.villaplus.com/spring-villa-holidays		FAIL
https://mobstaging.villaplus.com/villas		FAIL
https://mobstaging.villaplus.com/september-villa-holidays-2017		FAIL
https://mobstaging.villaplus.com/october-villa-holidays-2017		FAIL
https://mobstaging.villaplus.com/november-villa-holidays-2017		FAIL
https://mobstaging.villaplus.com/december-villa-holidays-2017		FAIL
https://mobstaging.villaplus.com/january-villa-holidays-2018		FAIL
https://mobstaging.villaplus.com/february-villa-holidays-2018		FAIL
https://mobstaging.villaplus.com/march-villa-holidays-2018		FAIL
https://mobstaging.villaplus.com/april-villa-holidays-2018		FAIL
https://mobstaging.villaplus.com/may-villa-holidays-2018		FAIL
https://mobstaging.villaplus.com/june-villa-holidays-2018		FAIL
https://mobstaging.villaplus.com/july-villa-holidays-2018		FAIL
https://mobstaging.villaplus.com/august-villa-holidays-2018		FAIL
https://mobstaging.villaplus.com/september-villa-holidays-2018		FAIL
https://mobstaging.villaplus.com/october-villa-holidays-2018		FAIL
https://mobstaging.villaplus.com/november-villa-holidays-2018		FAIL
https://mobstaging.villaplus.com/december-villa-holidays-2018		FAIL
https://mobstaging.villaplus.com/january-villa-holidays-2019		FAIL
https://mobstaging.villaplus.com/february-villa-holidays-2019		FAIL
https://mobstaging.villaplus.com/march-villa-holidays-2019		FAIL
https://mobstaging.villaplus.com/destinations/croatia		FAIL
https://mobstaging.villaplus.com/destinations/croatia#resorts		FAIL
https://mobstaging.villaplus.com/destinations/croatia#car-hire		FAIL
https://mobstaging.villaplus.com/destinations/croatia#beaches		FAIL
https://mobstaging.villaplus.com/destinations/croatia#transfers		FAIL
https://mobstaging.villaplus.com/villa-holidays-2017		FAIL
https://mobstaging.villaplus.com/autumn-villas		FAIL
https://mobstaging.villaplus.com/thirty		FAIL
https://mobstaging.villaplus.com/book-safe		FAIL
https://mobstaging.villaplus.com/destinations/new-villas-to-villa-plus		FAIL
https://mobstaging.villaplus.com/destinations/travel-advice		FAIL
https://mobstaging.villaplus.com/british-travel-awards-2017		FAIL

